2025-11-20 13:52:07.868 +08:00 [INF] API任务处理服务已初始化，轮询间隔: 5秒
2025-11-20 13:52:07.931 +08:00 [INF] IO处理服务已启动
2025-11-20 13:52:07.937 +08:00 [INF] 网络连接监控任务已启动
2025-11-20 13:52:07.940 +08:00 [INF] 开始清理过期IO任务数据...
2025-11-20 13:52:08.819 +08:00 [INF] 正在启动PLC通信托管服务...
2025-11-20 13:52:08.821 +08:00 [INF] 尝试重置PLC通信服务锁状态...
2025-11-20 13:52:08.823 +08:00 [INF] 正在重置PLC通信服务锁状态...
2025-11-20 13:52:08.825 +08:00 [INF] 成功获取服务锁，立即释放
2025-11-20 13:52:08.829 +08:00 [INF] 正在启动PLC通信服务...
2025-11-20 13:52:08.830 +08:00 [INF] 开始重置所有设备锁...
2025-11-20 13:52:08.832 +08:00 [INF] 所有设备锁已重置
2025-11-20 13:52:09.641 +08:00 [DBG] IO任务清理完成，没有需要清理的记录
2025-11-20 13:52:09.673 +08:00 [INF] 发现新的IO设备: 192.168.200.121
2025-11-20 13:52:09.679 +08:00 [WRN] 没有启用的PLC设备，通信服务未启动
2025-11-20 13:52:09.682 +08:00 [INF] PLC配置刷新任务已启动
2025-11-20 13:52:09.683 +08:00 [INF] PLC连接状态监控任务已启动
2025-11-20 13:52:09.688 +08:00 [INF] PLC通信托管服务已启动
2025-11-20 13:52:09.693 +08:00 [INF] PLC任务处理器正在启动...
2025-11-20 13:52:09.697 +08:00 [INF] PLC任务处理循环已启动
2025-11-20 13:52:09.699 +08:00 [INF] PLC任务处理器已启动
2025-11-20 13:52:09.701 +08:00 [INF] 心跳服务正在启动...
2025-11-20 13:52:09.706 +08:00 [INF] 心跳处理循环已启动
2025-11-20 13:52:09.717 +08:00 [INF] 心跳服务已启动
2025-11-20 13:52:09.720 +08:00 [INF] API任务处理服务已启动
2025-11-20 13:52:09.723 +08:00 [INF] API服务网络连接监控任务已启动
2025-11-20 13:52:09.966 +08:00 [WRN] 检查主机 api.example.com 的网络连接时出错
System.Net.NetworkInformation.PingException: An exception occurred during a Ping request.
 ---> System.Net.Sockets.SocketException (11001): 不知道这样的主机。
   at System.Net.NameResolutionPal.ProcessResult(SocketError errorCode, GetAddrInfoExContext* context)
   at System.Net.NameResolutionPal.GetAddressInfoExCallback(Int32 error, Int32 bytes, NativeOverlapped* overlapped)
--- End of stack trace from previous location ---
   at System.Net.Dns.<GetAddrInfoWithTelemetryAsync>g__CompleteAsync|34_0[T](Task task, String hostName, ValueStopwatch stopwatch)
   at System.Net.NetworkInformation.Ping.GetAddressAndSendAsync(String hostNameOrAddress, Int32 timeout, Byte[] buffer, PingOptions options)
   --- End of inner exception stack trace ---
   at System.Net.NetworkInformation.Ping.GetAddressAndSendAsync(String hostNameOrAddress, Int32 timeout, Byte[] buffer, PingOptions options)
   at WarehouseManagementSystem.Services.ApiTaskProcessorService.CheckNetworkConnectionAsync(String hostNameOrAddress) in E:\NDCProject\AG00250108 MARS沙特\WarehouseManagementSystem\Services\ApiTaskProcessorService.cs:line 156
2025-11-20 13:52:10.008 +08:00 [INF] 默认API端点 api.example.com 的初始网络状态: 离线
2025-11-20 13:52:10.037 +08:00 [WRN] 检查主机 api.example.com 的网络连接时出错
System.Net.NetworkInformation.PingException: An exception occurred during a Ping request.
 ---> System.Net.Sockets.SocketException (11001): 不知道这样的主机。
   at System.Net.NameResolutionPal.ProcessResult(SocketError errorCode, GetAddrInfoExContext* context)
   at System.Net.NameResolutionPal.GetAddressInfoExCallback(Int32 error, Int32 bytes, NativeOverlapped* overlapped)
--- End of stack trace from previous location ---
   at System.Net.Dns.<GetAddrInfoWithTelemetryAsync>g__CompleteAsync|34_0[T](Task task, String hostName, ValueStopwatch stopwatch)
   at System.Net.NetworkInformation.Ping.GetAddressAndSendAsync(String hostNameOrAddress, Int32 timeout, Byte[] buffer, PingOptions options)
   --- End of inner exception stack trace ---
   at System.Net.NetworkInformation.Ping.GetAddressAndSendAsync(String hostNameOrAddress, Int32 timeout, Byte[] buffer, PingOptions options)
   at WarehouseManagementSystem.Services.ApiTaskProcessorService.CheckNetworkConnectionAsync(String hostNameOrAddress) in E:\NDCProject\AG00250108 MARS沙特\WarehouseManagementSystem\Services\ApiTaskProcessorService.cs:line 156
2025-11-20 13:52:10.250 +08:00 [INF] 设备 192.168.200.121 的网络连接状态: 离线
2025-11-20 13:52:10.252 +08:00 [INF] 当前活跃IO设备: 1个
2025-11-20 13:52:12.740 +08:00 [WRN] Failed to determine the https port for redirect.
2025-11-20 13:52:13.112 +08:00 [WRN] Unable to configure Browser Link script injection on the response. This may have been caused by the response's Content-Encoding: '["br"]'. Consider disabling response compression.
2025-11-20 13:52:16.573 +08:00 [WRN] Unable to configure Browser Link script injection on the response. This may have been caused by the response's Content-Encoding: '["br"]'. Consider disabling response compression.
2025-11-20 13:52:18.992 +08:00 [WRN] Unable to configure Browser Link script injection on the response. This may have been caused by the response's Content-Encoding: '["br"]'. Consider disabling response compression.
2025-11-20 13:52:20.072 +08:00 [WRN] 检查主机 api.example.com 的网络连接时出错
System.Net.NetworkInformation.PingException: An exception occurred during a Ping request.
 ---> System.Net.Sockets.SocketException (11001): 不知道这样的主机。
   at System.Net.NameResolutionPal.ProcessResult(SocketError errorCode, GetAddrInfoExContext* context)
   at System.Net.NameResolutionPal.GetAddressInfoExCallback(Int32 error, Int32 bytes, NativeOverlapped* overlapped)
--- End of stack trace from previous location ---
   at System.Net.Dns.<GetAddrInfoWithTelemetryAsync>g__CompleteAsync|34_0[T](Task task, String hostName, ValueStopwatch stopwatch)
   at System.Net.NetworkInformation.Ping.GetAddressAndSendAsync(String hostNameOrAddress, Int32 timeout, Byte[] buffer, PingOptions options)
   --- End of inner exception stack trace ---
   at System.Net.NetworkInformation.Ping.GetAddressAndSendAsync(String hostNameOrAddress, Int32 timeout, Byte[] buffer, PingOptions options)
   at WarehouseManagementSystem.Services.ApiTaskProcessorService.CheckNetworkConnectionAsync(String hostNameOrAddress) in E:\NDCProject\AG00250108 MARS沙特\WarehouseManagementSystem\Services\ApiTaskProcessorService.cs:line 156
2025-11-20 13:52:20.162 +08:00 [WRN] Unable to configure Browser Link script injection on the response. This may have been caused by the response's Content-Encoding: '["br"]'. Consider disabling response compression.
2025-11-20 13:52:21.097 +08:00 [WRN] Unable to configure Browser Link script injection on the response. This may have been caused by the response's Content-Encoding: '["br"]'. Consider disabling response compression.
2025-11-20 13:52:21.999 +08:00 [WRN] Unable to configure Browser Link script injection on the response. This may have been caused by the response's Content-Encoding: '["br"]'. Consider disabling response compression.
2025-11-20 13:52:23.210 +08:00 [WRN] Unable to configure Browser Link script injection on the response. This may have been caused by the response's Content-Encoding: '["br"]'. Consider disabling response compression.
2025-11-20 13:52:24.022 +08:00 [WRN] Unable to configure Browser Link script injection on the response. This may have been caused by the response's Content-Encoding: '["br"]'. Consider disabling response compression.
2025-11-20 13:52:24.692 +08:00 [INF] 正在刷新PLC设备配置...
2025-11-20 13:52:24.817 +08:00 [WRN] Unable to configure Browser Link script injection on the response. This may have been caused by the response's Content-Encoding: '["br"]'. Consider disabling response compression.
2025-11-20 13:52:25.650 +08:00 [WRN] Unable to configure Browser Link script injection on the response. This may have been caused by the response's Content-Encoding: '["br"]'. Consider disabling response compression.
2025-11-20 13:52:26.459 +08:00 [WRN] Unable to configure Browser Link script injection on the response. This may have been caused by the response's Content-Encoding: '["br"]'. Consider disabling response compression.
2025-11-20 13:52:30.121 +08:00 [WRN] 检查主机 api.example.com 的网络连接时出错
System.Net.NetworkInformation.PingException: An exception occurred during a Ping request.
 ---> System.Net.Sockets.SocketException (11001): 不知道这样的主机。
   at System.Net.NameResolutionPal.ProcessResult(SocketError errorCode, GetAddrInfoExContext* context)
   at System.Net.NameResolutionPal.GetAddressInfoExCallback(Int32 error, Int32 bytes, NativeOverlapped* overlapped)
--- End of stack trace from previous location ---
   at System.Net.Dns.<GetAddrInfoWithTelemetryAsync>g__CompleteAsync|34_0[T](Task task, String hostName, ValueStopwatch stopwatch)
   at System.Net.NetworkInformation.Ping.GetAddressAndSendAsync(String hostNameOrAddress, Int32 timeout, Byte[] buffer, PingOptions options)
   --- End of inner exception stack trace ---
   at System.Net.NetworkInformation.Ping.GetAddressAndSendAsync(String hostNameOrAddress, Int32 timeout, Byte[] buffer, PingOptions options)
   at WarehouseManagementSystem.Services.ApiTaskProcessorService.CheckNetworkConnectionAsync(String hostNameOrAddress) in E:\NDCProject\AG00250108 MARS沙特\WarehouseManagementSystem\Services\ApiTaskProcessorService.cs:line 156
2025-11-20 13:52:33.886 +08:00 [WRN] Unable to configure Browser Link script injection on the response. This may have been caused by the response's Content-Encoding: '["br"]'. Consider disabling response compression.
2025-11-20 13:52:39.701 +08:00 [INF] 正在刷新PLC设备配置...
2025-11-20 13:52:40.192 +08:00 [WRN] 检查主机 api.example.com 的网络连接时出错
System.Net.NetworkInformation.PingException: An exception occurred during a Ping request.
 ---> System.Net.Sockets.SocketException (11001): 不知道这样的主机。
   at System.Net.NameResolutionPal.ProcessResult(SocketError errorCode, GetAddrInfoExContext* context)
   at System.Net.NameResolutionPal.GetAddressInfoExCallback(Int32 error, Int32 bytes, NativeOverlapped* overlapped)
--- End of stack trace from previous location ---
   at System.Net.Dns.<GetAddrInfoWithTelemetryAsync>g__CompleteAsync|34_0[T](Task task, String hostName, ValueStopwatch stopwatch)
   at System.Net.NetworkInformation.Ping.GetAddressAndSendAsync(String hostNameOrAddress, Int32 timeout, Byte[] buffer, PingOptions options)
   --- End of inner exception stack trace ---
   at System.Net.NetworkInformation.Ping.GetAddressAndSendAsync(String hostNameOrAddress, Int32 timeout, Byte[] buffer, PingOptions options)
   at WarehouseManagementSystem.Services.ApiTaskProcessorService.CheckNetworkConnectionAsync(String hostNameOrAddress) in E:\NDCProject\AG00250108 MARS沙特\WarehouseManagementSystem\Services\ApiTaskProcessorService.cs:line 156
2025-11-20 13:52:50.225 +08:00 [WRN] 检查主机 api.example.com 的网络连接时出错
System.Net.NetworkInformation.PingException: An exception occurred during a Ping request.
 ---> System.Net.Sockets.SocketException (11001): 不知道这样的主机。
   at System.Net.NameResolutionPal.ProcessResult(SocketError errorCode, GetAddrInfoExContext* context)
   at System.Net.NameResolutionPal.GetAddressInfoExCallback(Int32 error, Int32 bytes, NativeOverlapped* overlapped)
--- End of stack trace from previous location ---
   at System.Net.Dns.<GetAddrInfoWithTelemetryAsync>g__CompleteAsync|34_0[T](Task task, String hostName, ValueStopwatch stopwatch)
   at System.Net.NetworkInformation.Ping.GetAddressAndSendAsync(String hostNameOrAddress, Int32 timeout, Byte[] buffer, PingOptions options)
   --- End of inner exception stack trace ---
   at System.Net.NetworkInformation.Ping.GetAddressAndSendAsync(String hostNameOrAddress, Int32 timeout, Byte[] buffer, PingOptions options)
   at WarehouseManagementSystem.Services.ApiTaskProcessorService.CheckNetworkConnectionAsync(String hostNameOrAddress) in E:\NDCProject\AG00250108 MARS沙特\WarehouseManagementSystem\Services\ApiTaskProcessorService.cs:line 156
2025-11-20 13:52:54.705 +08:00 [INF] 正在刷新PLC设备配置...
2025-11-20 13:53:00.255 +08:00 [WRN] 检查主机 api.example.com 的网络连接时出错
System.Net.NetworkInformation.PingException: An exception occurred during a Ping request.
 ---> System.Net.Sockets.SocketException (11001): 不知道这样的主机。
   at System.Net.NameResolutionPal.ProcessResult(SocketError errorCode, GetAddrInfoExContext* context)
   at System.Net.NameResolutionPal.GetAddressInfoExCallback(Int32 error, Int32 bytes, NativeOverlapped* overlapped)
--- End of stack trace from previous location ---
   at System.Net.Dns.<GetAddrInfoWithTelemetryAsync>g__CompleteAsync|34_0[T](Task task, String hostName, ValueStopwatch stopwatch)
   at System.Net.NetworkInformation.Ping.GetAddressAndSendAsync(String hostNameOrAddress, Int32 timeout, Byte[] buffer, PingOptions options)
   --- End of inner exception stack trace ---
   at System.Net.NetworkInformation.Ping.GetAddressAndSendAsync(String hostNameOrAddress, Int32 timeout, Byte[] buffer, PingOptions options)
   at WarehouseManagementSystem.Services.ApiTaskProcessorService.CheckNetworkConnectionAsync(String hostNameOrAddress) in E:\NDCProject\AG00250108 MARS沙特\WarehouseManagementSystem\Services\ApiTaskProcessorService.cs:line 156
2025-11-20 13:53:01.720 +08:00 [WRN] Unable to configure Browser Link script injection on the response. This may have been caused by the response's Content-Encoding: '["br"]'. Consider disabling response compression.
2025-11-20 13:53:03.097 +08:00 [WRN] Unable to configure Browser Link script injection on the response. This may have been caused by the response's Content-Encoding: '["br"]'. Consider disabling response compression.
2025-11-20 13:53:09.707 +08:00 [INF] 正在刷新PLC设备配置...
2025-11-20 13:53:10.299 +08:00 [WRN] 检查主机 api.example.com 的网络连接时出错
System.Net.NetworkInformation.PingException: An exception occurred during a Ping request.
 ---> System.Net.Sockets.SocketException (11001): 不知道这样的主机。
   at System.Net.NameResolutionPal.ProcessResult(SocketError errorCode, GetAddrInfoExContext* context)
   at System.Net.NameResolutionPal.GetAddressInfoExCallback(Int32 error, Int32 bytes, NativeOverlapped* overlapped)
--- End of stack trace from previous location ---
   at System.Net.Dns.<GetAddrInfoWithTelemetryAsync>g__CompleteAsync|34_0[T](Task task, String hostName, ValueStopwatch stopwatch)
   at System.Net.NetworkInformation.Ping.GetAddressAndSendAsync(String hostNameOrAddress, Int32 timeout, Byte[] buffer, PingOptions options)
   --- End of inner exception stack trace ---
   at System.Net.NetworkInformation.Ping.GetAddressAndSendAsync(String hostNameOrAddress, Int32 timeout, Byte[] buffer, PingOptions options)
   at WarehouseManagementSystem.Services.ApiTaskProcessorService.CheckNetworkConnectionAsync(String hostNameOrAddress) in E:\NDCProject\AG00250108 MARS沙特\WarehouseManagementSystem\Services\ApiTaskProcessorService.cs:line 156
2025-11-20 13:53:20.340 +08:00 [WRN] 检查主机 api.example.com 的网络连接时出错
System.Net.NetworkInformation.PingException: An exception occurred during a Ping request.
 ---> System.Net.Sockets.SocketException (11001): 不知道这样的主机。
   at System.Net.NameResolutionPal.ProcessResult(SocketError errorCode, GetAddrInfoExContext* context)
   at System.Net.NameResolutionPal.GetAddressInfoExCallback(Int32 error, Int32 bytes, NativeOverlapped* overlapped)
--- End of stack trace from previous location ---
   at System.Net.Dns.<GetAddrInfoWithTelemetryAsync>g__CompleteAsync|34_0[T](Task task, String hostName, ValueStopwatch stopwatch)
   at System.Net.NetworkInformation.Ping.GetAddressAndSendAsync(String hostNameOrAddress, Int32 timeout, Byte[] buffer, PingOptions options)
   --- End of inner exception stack trace ---
   at System.Net.NetworkInformation.Ping.GetAddressAndSendAsync(String hostNameOrAddress, Int32 timeout, Byte[] buffer, PingOptions options)
   at WarehouseManagementSystem.Services.ApiTaskProcessorService.CheckNetworkConnectionAsync(String hostNameOrAddress) in E:\NDCProject\AG00250108 MARS沙特\WarehouseManagementSystem\Services\ApiTaskProcessorService.cs:line 156
2025-11-20 13:53:24.716 +08:00 [INF] 正在刷新PLC设备配置...
2025-11-20 13:53:30.385 +08:00 [WRN] 检查主机 api.example.com 的网络连接时出错
System.Net.NetworkInformation.PingException: An exception occurred during a Ping request.
 ---> System.Net.Sockets.SocketException (11001): 不知道这样的主机。
   at System.Net.NameResolutionPal.ProcessResult(SocketError errorCode, GetAddrInfoExContext* context)
   at System.Net.NameResolutionPal.GetAddressInfoExCallback(Int32 error, Int32 bytes, NativeOverlapped* overlapped)
--- End of stack trace from previous location ---
   at System.Net.Dns.<GetAddrInfoWithTelemetryAsync>g__CompleteAsync|34_0[T](Task task, String hostName, ValueStopwatch stopwatch)
   at System.Net.NetworkInformation.Ping.GetAddressAndSendAsync(String hostNameOrAddress, Int32 timeout, Byte[] buffer, PingOptions options)
   --- End of inner exception stack trace ---
   at System.Net.NetworkInformation.Ping.GetAddressAndSendAsync(String hostNameOrAddress, Int32 timeout, Byte[] buffer, PingOptions options)
   at WarehouseManagementSystem.Services.ApiTaskProcessorService.CheckNetworkConnectionAsync(String hostNameOrAddress) in E:\NDCProject\AG00250108 MARS沙特\WarehouseManagementSystem\Services\ApiTaskProcessorService.cs:line 156
2025-11-20 13:53:39.733 +08:00 [INF] 正在刷新PLC设备配置...
2025-11-20 13:53:40.563 +08:00 [WRN] 检查主机 api.example.com 的网络连接时出错
System.Net.NetworkInformation.PingException: An exception occurred during a Ping request.
 ---> System.Net.Sockets.SocketException (11001): 不知道这样的主机。
   at System.Net.NameResolutionPal.ProcessResult(SocketError errorCode, GetAddrInfoExContext* context)
   at System.Net.NameResolutionPal.GetAddressInfoExCallback(Int32 error, Int32 bytes, NativeOverlapped* overlapped)
--- End of stack trace from previous location ---
   at System.Net.Dns.<GetAddrInfoWithTelemetryAsync>g__CompleteAsync|34_0[T](Task task, String hostName, ValueStopwatch stopwatch)
   at System.Net.NetworkInformation.Ping.GetAddressAndSendAsync(String hostNameOrAddress, Int32 timeout, Byte[] buffer, PingOptions options)
   --- End of inner exception stack trace ---
   at System.Net.NetworkInformation.Ping.GetAddressAndSendAsync(String hostNameOrAddress, Int32 timeout, Byte[] buffer, PingOptions options)
   at WarehouseManagementSystem.Services.ApiTaskProcessorService.CheckNetworkConnectionAsync(String hostNameOrAddress) in E:\NDCProject\AG00250108 MARS沙特\WarehouseManagementSystem\Services\ApiTaskProcessorService.cs:line 156
2025-11-20 13:53:50.605 +08:00 [WRN] 检查主机 api.example.com 的网络连接时出错
System.Net.NetworkInformation.PingException: An exception occurred during a Ping request.
 ---> System.Net.Sockets.SocketException (11001): 不知道这样的主机。
   at System.Net.NameResolutionPal.ProcessResult(SocketError errorCode, GetAddrInfoExContext* context)
   at System.Net.NameResolutionPal.GetAddressInfoExCallback(Int32 error, Int32 bytes, NativeOverlapped* overlapped)
--- End of stack trace from previous location ---
   at System.Net.Dns.<GetAddrInfoWithTelemetryAsync>g__CompleteAsync|34_0[T](Task task, String hostName, ValueStopwatch stopwatch)
   at System.Net.NetworkInformation.Ping.GetAddressAndSendAsync(String hostNameOrAddress, Int32 timeout, Byte[] buffer, PingOptions options)
   --- End of inner exception stack trace ---
   at System.Net.NetworkInformation.Ping.GetAddressAndSendAsync(String hostNameOrAddress, Int32 timeout, Byte[] buffer, PingOptions options)
   at WarehouseManagementSystem.Services.ApiTaskProcessorService.CheckNetworkConnectionAsync(String hostNameOrAddress) in E:\NDCProject\AG00250108 MARS沙特\WarehouseManagementSystem\Services\ApiTaskProcessorService.cs:line 156
2025-11-20 13:53:54.748 +08:00 [INF] 正在刷新PLC设备配置...
2025-11-20 13:54:00.647 +08:00 [WRN] 检查主机 api.example.com 的网络连接时出错
System.Net.NetworkInformation.PingException: An exception occurred during a Ping request.
 ---> System.Net.Sockets.SocketException (11001): 不知道这样的主机。
   at System.Net.NameResolutionPal.ProcessResult(SocketError errorCode, GetAddrInfoExContext* context)
   at System.Net.NameResolutionPal.GetAddressInfoExCallback(Int32 error, Int32 bytes, NativeOverlapped* overlapped)
--- End of stack trace from previous location ---
   at System.Net.Dns.<GetAddrInfoWithTelemetryAsync>g__CompleteAsync|34_0[T](Task task, String hostName, ValueStopwatch stopwatch)
   at System.Net.NetworkInformation.Ping.GetAddressAndSendAsync(String hostNameOrAddress, Int32 timeout, Byte[] buffer, PingOptions options)
   --- End of inner exception stack trace ---
   at System.Net.NetworkInformation.Ping.GetAddressAndSendAsync(String hostNameOrAddress, Int32 timeout, Byte[] buffer, PingOptions options)
   at WarehouseManagementSystem.Services.ApiTaskProcessorService.CheckNetworkConnectionAsync(String hostNameOrAddress) in E:\NDCProject\AG00250108 MARS沙特\WarehouseManagementSystem\Services\ApiTaskProcessorService.cs:line 156
2025-11-20 13:54:09.753 +08:00 [INF] 正在刷新PLC设备配置...
2025-11-20 13:54:10.689 +08:00 [WRN] 检查主机 api.example.com 的网络连接时出错
System.Net.NetworkInformation.PingException: An exception occurred during a Ping request.
 ---> System.Net.Sockets.SocketException (11001): 不知道这样的主机。
   at System.Net.NameResolutionPal.ProcessResult(SocketError errorCode, GetAddrInfoExContext* context)
   at System.Net.NameResolutionPal.GetAddressInfoExCallback(Int32 error, Int32 bytes, NativeOverlapped* overlapped)
--- End of stack trace from previous location ---
   at System.Net.Dns.<GetAddrInfoWithTelemetryAsync>g__CompleteAsync|34_0[T](Task task, String hostName, ValueStopwatch stopwatch)
   at System.Net.NetworkInformation.Ping.GetAddressAndSendAsync(String hostNameOrAddress, Int32 timeout, Byte[] buffer, PingOptions options)
   --- End of inner exception stack trace ---
   at System.Net.NetworkInformation.Ping.GetAddressAndSendAsync(String hostNameOrAddress, Int32 timeout, Byte[] buffer, PingOptions options)
   at WarehouseManagementSystem.Services.ApiTaskProcessorService.CheckNetworkConnectionAsync(String hostNameOrAddress) in E:\NDCProject\AG00250108 MARS沙特\WarehouseManagementSystem\Services\ApiTaskProcessorService.cs:line 156
2025-11-20 13:54:20.720 +08:00 [WRN] 检查主机 api.example.com 的网络连接时出错
System.Net.NetworkInformation.PingException: An exception occurred during a Ping request.
 ---> System.Net.Sockets.SocketException (11001): 不知道这样的主机。
   at System.Net.NameResolutionPal.ProcessResult(SocketError errorCode, GetAddrInfoExContext* context)
   at System.Net.NameResolutionPal.GetAddressInfoExCallback(Int32 error, Int32 bytes, NativeOverlapped* overlapped)
--- End of stack trace from previous location ---
   at System.Net.Dns.<GetAddrInfoWithTelemetryAsync>g__CompleteAsync|34_0[T](Task task, String hostName, ValueStopwatch stopwatch)
   at System.Net.NetworkInformation.Ping.GetAddressAndSendAsync(String hostNameOrAddress, Int32 timeout, Byte[] buffer, PingOptions options)
   --- End of inner exception stack trace ---
   at System.Net.NetworkInformation.Ping.GetAddressAndSendAsync(String hostNameOrAddress, Int32 timeout, Byte[] buffer, PingOptions options)
   at WarehouseManagementSystem.Services.ApiTaskProcessorService.CheckNetworkConnectionAsync(String hostNameOrAddress) in E:\NDCProject\AG00250108 MARS沙特\WarehouseManagementSystem\Services\ApiTaskProcessorService.cs:line 156
2025-11-20 13:54:24.766 +08:00 [INF] 正在刷新PLC设备配置...
2025-11-20 13:54:30.760 +08:00 [WRN] 检查主机 api.example.com 的网络连接时出错
System.Net.NetworkInformation.PingException: An exception occurred during a Ping request.
 ---> System.Net.Sockets.SocketException (11001): 不知道这样的主机。
   at System.Net.NameResolutionPal.ProcessResult(SocketError errorCode, GetAddrInfoExContext* context)
   at System.Net.NameResolutionPal.GetAddressInfoExCallback(Int32 error, Int32 bytes, NativeOverlapped* overlapped)
--- End of stack trace from previous location ---
   at System.Net.Dns.<GetAddrInfoWithTelemetryAsync>g__CompleteAsync|34_0[T](Task task, String hostName, ValueStopwatch stopwatch)
   at System.Net.NetworkInformation.Ping.GetAddressAndSendAsync(String hostNameOrAddress, Int32 timeout, Byte[] buffer, PingOptions options)
   --- End of inner exception stack trace ---
   at System.Net.NetworkInformation.Ping.GetAddressAndSendAsync(String hostNameOrAddress, Int32 timeout, Byte[] buffer, PingOptions options)
   at WarehouseManagementSystem.Services.ApiTaskProcessorService.CheckNetworkConnectionAsync(String hostNameOrAddress) in E:\NDCProject\AG00250108 MARS沙特\WarehouseManagementSystem\Services\ApiTaskProcessorService.cs:line 156
2025-11-20 13:54:39.772 +08:00 [INF] 正在刷新PLC设备配置...
2025-11-20 13:54:40.804 +08:00 [WRN] 检查主机 api.example.com 的网络连接时出错
System.Net.NetworkInformation.PingException: An exception occurred during a Ping request.
 ---> System.Net.Sockets.SocketException (11001): 不知道这样的主机。
   at System.Net.NameResolutionPal.ProcessResult(SocketError errorCode, GetAddrInfoExContext* context)
   at System.Net.NameResolutionPal.GetAddressInfoExCallback(Int32 error, Int32 bytes, NativeOverlapped* overlapped)
--- End of stack trace from previous location ---
   at System.Net.Dns.<GetAddrInfoWithTelemetryAsync>g__CompleteAsync|34_0[T](Task task, String hostName, ValueStopwatch stopwatch)
   at System.Net.NetworkInformation.Ping.GetAddressAndSendAsync(String hostNameOrAddress, Int32 timeout, Byte[] buffer, PingOptions options)
   --- End of inner exception stack trace ---
   at System.Net.NetworkInformation.Ping.GetAddressAndSendAsync(String hostNameOrAddress, Int32 timeout, Byte[] buffer, PingOptions options)
   at WarehouseManagementSystem.Services.ApiTaskProcessorService.CheckNetworkConnectionAsync(String hostNameOrAddress) in E:\NDCProject\AG00250108 MARS沙特\WarehouseManagementSystem\Services\ApiTaskProcessorService.cs:line 156
2025-11-20 13:54:50.847 +08:00 [WRN] 检查主机 api.example.com 的网络连接时出错
System.Net.NetworkInformation.PingException: An exception occurred during a Ping request.
 ---> System.Net.Sockets.SocketException (11001): 不知道这样的主机。
   at System.Net.NameResolutionPal.ProcessResult(SocketError errorCode, GetAddrInfoExContext* context)
   at System.Net.NameResolutionPal.GetAddressInfoExCallback(Int32 error, Int32 bytes, NativeOverlapped* overlapped)
--- End of stack trace from previous location ---
   at System.Net.Dns.<GetAddrInfoWithTelemetryAsync>g__CompleteAsync|34_0[T](Task task, String hostName, ValueStopwatch stopwatch)
   at System.Net.NetworkInformation.Ping.GetAddressAndSendAsync(String hostNameOrAddress, Int32 timeout, Byte[] buffer, PingOptions options)
   --- End of inner exception stack trace ---
   at System.Net.NetworkInformation.Ping.GetAddressAndSendAsync(String hostNameOrAddress, Int32 timeout, Byte[] buffer, PingOptions options)
   at WarehouseManagementSystem.Services.ApiTaskProcessorService.CheckNetworkConnectionAsync(String hostNameOrAddress) in E:\NDCProject\AG00250108 MARS沙特\WarehouseManagementSystem\Services\ApiTaskProcessorService.cs:line 156
2025-11-20 13:54:54.783 +08:00 [INF] 正在刷新PLC设备配置...
2025-11-20 13:55:00.878 +08:00 [WRN] 检查主机 api.example.com 的网络连接时出错
System.Net.NetworkInformation.PingException: An exception occurred during a Ping request.
 ---> System.Net.Sockets.SocketException (11001): 不知道这样的主机。
   at System.Net.NameResolutionPal.ProcessResult(SocketError errorCode, GetAddrInfoExContext* context)
   at System.Net.NameResolutionPal.GetAddressInfoExCallback(Int32 error, Int32 bytes, NativeOverlapped* overlapped)
--- End of stack trace from previous location ---
   at System.Net.Dns.<GetAddrInfoWithTelemetryAsync>g__CompleteAsync|34_0[T](Task task, String hostName, ValueStopwatch stopwatch)
   at System.Net.NetworkInformation.Ping.GetAddressAndSendAsync(String hostNameOrAddress, Int32 timeout, Byte[] buffer, PingOptions options)
   --- End of inner exception stack trace ---
   at System.Net.NetworkInformation.Ping.GetAddressAndSendAsync(String hostNameOrAddress, Int32 timeout, Byte[] buffer, PingOptions options)
   at WarehouseManagementSystem.Services.ApiTaskProcessorService.CheckNetworkConnectionAsync(String hostNameOrAddress) in E:\NDCProject\AG00250108 MARS沙特\WarehouseManagementSystem\Services\ApiTaskProcessorService.cs:line 156
2025-11-20 13:55:09.794 +08:00 [INF] 正在刷新PLC设备配置...
2025-11-20 13:55:10.911 +08:00 [WRN] 检查主机 api.example.com 的网络连接时出错
System.Net.NetworkInformation.PingException: An exception occurred during a Ping request.
 ---> System.Net.Sockets.SocketException (11001): 不知道这样的主机。
   at System.Net.NameResolutionPal.ProcessResult(SocketError errorCode, GetAddrInfoExContext* context)
   at System.Net.NameResolutionPal.GetAddressInfoExCallback(Int32 error, Int32 bytes, NativeOverlapped* overlapped)
--- End of stack trace from previous location ---
   at System.Net.Dns.<GetAddrInfoWithTelemetryAsync>g__CompleteAsync|34_0[T](Task task, String hostName, ValueStopwatch stopwatch)
   at System.Net.NetworkInformation.Ping.GetAddressAndSendAsync(String hostNameOrAddress, Int32 timeout, Byte[] buffer, PingOptions options)
   --- End of inner exception stack trace ---
   at System.Net.NetworkInformation.Ping.GetAddressAndSendAsync(String hostNameOrAddress, Int32 timeout, Byte[] buffer, PingOptions options)
   at WarehouseManagementSystem.Services.ApiTaskProcessorService.CheckNetworkConnectionAsync(String hostNameOrAddress) in E:\NDCProject\AG00250108 MARS沙特\WarehouseManagementSystem\Services\ApiTaskProcessorService.cs:line 156
2025-11-20 13:55:20.943 +08:00 [WRN] 检查主机 api.example.com 的网络连接时出错
System.Net.NetworkInformation.PingException: An exception occurred during a Ping request.
 ---> System.Net.Sockets.SocketException (11001): 不知道这样的主机。
   at System.Net.NameResolutionPal.ProcessResult(SocketError errorCode, GetAddrInfoExContext* context)
   at System.Net.NameResolutionPal.GetAddressInfoExCallback(Int32 error, Int32 bytes, NativeOverlapped* overlapped)
--- End of stack trace from previous location ---
   at System.Net.Dns.<GetAddrInfoWithTelemetryAsync>g__CompleteAsync|34_0[T](Task task, String hostName, ValueStopwatch stopwatch)
   at System.Net.NetworkInformation.Ping.GetAddressAndSendAsync(String hostNameOrAddress, Int32 timeout, Byte[] buffer, PingOptions options)
   --- End of inner exception stack trace ---
   at System.Net.NetworkInformation.Ping.GetAddressAndSendAsync(String hostNameOrAddress, Int32 timeout, Byte[] buffer, PingOptions options)
   at WarehouseManagementSystem.Services.ApiTaskProcessorService.CheckNetworkConnectionAsync(String hostNameOrAddress) in E:\NDCProject\AG00250108 MARS沙特\WarehouseManagementSystem\Services\ApiTaskProcessorService.cs:line 156
2025-11-20 13:55:24.807 +08:00 [INF] 正在刷新PLC设备配置...
2025-11-20 13:55:30.979 +08:00 [WRN] 检查主机 api.example.com 的网络连接时出错
System.Net.NetworkInformation.PingException: An exception occurred during a Ping request.
 ---> System.Net.Sockets.SocketException (11001): 不知道这样的主机。
   at System.Net.NameResolutionPal.ProcessResult(SocketError errorCode, GetAddrInfoExContext* context)
   at System.Net.NameResolutionPal.GetAddressInfoExCallback(Int32 error, Int32 bytes, NativeOverlapped* overlapped)
--- End of stack trace from previous location ---
   at System.Net.Dns.<GetAddrInfoWithTelemetryAsync>g__CompleteAsync|34_0[T](Task task, String hostName, ValueStopwatch stopwatch)
   at System.Net.NetworkInformation.Ping.GetAddressAndSendAsync(String hostNameOrAddress, Int32 timeout, Byte[] buffer, PingOptions options)
   --- End of inner exception stack trace ---
   at System.Net.NetworkInformation.Ping.GetAddressAndSendAsync(String hostNameOrAddress, Int32 timeout, Byte[] buffer, PingOptions options)
   at WarehouseManagementSystem.Services.ApiTaskProcessorService.CheckNetworkConnectionAsync(String hostNameOrAddress) in E:\NDCProject\AG00250108 MARS沙特\WarehouseManagementSystem\Services\ApiTaskProcessorService.cs:line 156
2025-11-20 13:55:39.811 +08:00 [INF] 正在刷新PLC设备配置...
2025-11-20 13:55:41.021 +08:00 [WRN] 检查主机 api.example.com 的网络连接时出错
System.Net.NetworkInformation.PingException: An exception occurred during a Ping request.
 ---> System.Net.Sockets.SocketException (11001): 不知道这样的主机。
   at System.Net.NameResolutionPal.ProcessResult(SocketError errorCode, GetAddrInfoExContext* context)
   at System.Net.NameResolutionPal.GetAddressInfoExCallback(Int32 error, Int32 bytes, NativeOverlapped* overlapped)
--- End of stack trace from previous location ---
   at System.Net.Dns.<GetAddrInfoWithTelemetryAsync>g__CompleteAsync|34_0[T](Task task, String hostName, ValueStopwatch stopwatch)
   at System.Net.NetworkInformation.Ping.GetAddressAndSendAsync(String hostNameOrAddress, Int32 timeout, Byte[] buffer, PingOptions options)
   --- End of inner exception stack trace ---
   at System.Net.NetworkInformation.Ping.GetAddressAndSendAsync(String hostNameOrAddress, Int32 timeout, Byte[] buffer, PingOptions options)
   at WarehouseManagementSystem.Services.ApiTaskProcessorService.CheckNetworkConnectionAsync(String hostNameOrAddress) in E:\NDCProject\AG00250108 MARS沙特\WarehouseManagementSystem\Services\ApiTaskProcessorService.cs:line 156
2025-11-20 13:55:51.068 +08:00 [WRN] 检查主机 api.example.com 的网络连接时出错
System.Net.NetworkInformation.PingException: An exception occurred during a Ping request.
 ---> System.Net.Sockets.SocketException (11001): 不知道这样的主机。
   at System.Net.NameResolutionPal.ProcessResult(SocketError errorCode, GetAddrInfoExContext* context)
   at System.Net.NameResolutionPal.GetAddressInfoExCallback(Int32 error, Int32 bytes, NativeOverlapped* overlapped)
--- End of stack trace from previous location ---
   at System.Net.Dns.<GetAddrInfoWithTelemetryAsync>g__CompleteAsync|34_0[T](Task task, String hostName, ValueStopwatch stopwatch)
   at System.Net.NetworkInformation.Ping.GetAddressAndSendAsync(String hostNameOrAddress, Int32 timeout, Byte[] buffer, PingOptions options)
   --- End of inner exception stack trace ---
   at System.Net.NetworkInformation.Ping.GetAddressAndSendAsync(String hostNameOrAddress, Int32 timeout, Byte[] buffer, PingOptions options)
   at WarehouseManagementSystem.Services.ApiTaskProcessorService.CheckNetworkConnectionAsync(String hostNameOrAddress) in E:\NDCProject\AG00250108 MARS沙特\WarehouseManagementSystem\Services\ApiTaskProcessorService.cs:line 156
2025-11-20 13:55:54.824 +08:00 [INF] 正在刷新PLC设备配置...
2025-11-20 13:56:01.115 +08:00 [WRN] 检查主机 api.example.com 的网络连接时出错
System.Net.NetworkInformation.PingException: An exception occurred during a Ping request.
 ---> System.Net.Sockets.SocketException (11001): 不知道这样的主机。
   at System.Net.NameResolutionPal.ProcessResult(SocketError errorCode, GetAddrInfoExContext* context)
   at System.Net.NameResolutionPal.GetAddressInfoExCallback(Int32 error, Int32 bytes, NativeOverlapped* overlapped)
--- End of stack trace from previous location ---
   at System.Net.Dns.<GetAddrInfoWithTelemetryAsync>g__CompleteAsync|34_0[T](Task task, String hostName, ValueStopwatch stopwatch)
   at System.Net.NetworkInformation.Ping.GetAddressAndSendAsync(String hostNameOrAddress, Int32 timeout, Byte[] buffer, PingOptions options)
   --- End of inner exception stack trace ---
   at System.Net.NetworkInformation.Ping.GetAddressAndSendAsync(String hostNameOrAddress, Int32 timeout, Byte[] buffer, PingOptions options)
   at WarehouseManagementSystem.Services.ApiTaskProcessorService.CheckNetworkConnectionAsync(String hostNameOrAddress) in E:\NDCProject\AG00250108 MARS沙特\WarehouseManagementSystem\Services\ApiTaskProcessorService.cs:line 156
2025-11-20 13:56:09.840 +08:00 [INF] 正在刷新PLC设备配置...
2025-11-20 13:56:11.152 +08:00 [WRN] 检查主机 api.example.com 的网络连接时出错
System.Net.NetworkInformation.PingException: An exception occurred during a Ping request.
 ---> System.Net.Sockets.SocketException (11001): 不知道这样的主机。
   at System.Net.NameResolutionPal.ProcessResult(SocketError errorCode, GetAddrInfoExContext* context)
   at System.Net.NameResolutionPal.GetAddressInfoExCallback(Int32 error, Int32 bytes, NativeOverlapped* overlapped)
--- End of stack trace from previous location ---
   at System.Net.Dns.<GetAddrInfoWithTelemetryAsync>g__CompleteAsync|34_0[T](Task task, String hostName, ValueStopwatch stopwatch)
   at System.Net.NetworkInformation.Ping.GetAddressAndSendAsync(String hostNameOrAddress, Int32 timeout, Byte[] buffer, PingOptions options)
   --- End of inner exception stack trace ---
   at System.Net.NetworkInformation.Ping.GetAddressAndSendAsync(String hostNameOrAddress, Int32 timeout, Byte[] buffer, PingOptions options)
   at WarehouseManagementSystem.Services.ApiTaskProcessorService.CheckNetworkConnectionAsync(String hostNameOrAddress) in E:\NDCProject\AG00250108 MARS沙特\WarehouseManagementSystem\Services\ApiTaskProcessorService.cs:line 156
2025-11-20 13:56:21.230 +08:00 [WRN] 检查主机 api.example.com 的网络连接时出错
System.Net.NetworkInformation.PingException: An exception occurred during a Ping request.
 ---> System.Net.Sockets.SocketException (11001): 不知道这样的主机。
   at System.Net.NameResolutionPal.ProcessResult(SocketError errorCode, GetAddrInfoExContext* context)
   at System.Net.NameResolutionPal.GetAddressInfoExCallback(Int32 error, Int32 bytes, NativeOverlapped* overlapped)
--- End of stack trace from previous location ---
   at System.Net.Dns.<GetAddrInfoWithTelemetryAsync>g__CompleteAsync|34_0[T](Task task, String hostName, ValueStopwatch stopwatch)
   at System.Net.NetworkInformation.Ping.GetAddressAndSendAsync(String hostNameOrAddress, Int32 timeout, Byte[] buffer, PingOptions options)
   --- End of inner exception stack trace ---
   at System.Net.NetworkInformation.Ping.GetAddressAndSendAsync(String hostNameOrAddress, Int32 timeout, Byte[] buffer, PingOptions options)
   at WarehouseManagementSystem.Services.ApiTaskProcessorService.CheckNetworkConnectionAsync(String hostNameOrAddress) in E:\NDCProject\AG00250108 MARS沙特\WarehouseManagementSystem\Services\ApiTaskProcessorService.cs:line 156
2025-11-20 13:56:24.851 +08:00 [INF] 正在刷新PLC设备配置...
2025-11-20 13:56:31.395 +08:00 [WRN] 检查主机 api.example.com 的网络连接时出错
System.Net.NetworkInformation.PingException: An exception occurred during a Ping request.
 ---> System.Net.Sockets.SocketException (11001): 不知道这样的主机。
   at System.Net.NameResolutionPal.ProcessResult(SocketError errorCode, GetAddrInfoExContext* context)
   at System.Net.NameResolutionPal.GetAddressInfoExCallback(Int32 error, Int32 bytes, NativeOverlapped* overlapped)
--- End of stack trace from previous location ---
   at System.Net.Dns.<GetAddrInfoWithTelemetryAsync>g__CompleteAsync|34_0[T](Task task, String hostName, ValueStopwatch stopwatch)
   at System.Net.NetworkInformation.Ping.GetAddressAndSendAsync(String hostNameOrAddress, Int32 timeout, Byte[] buffer, PingOptions options)
   --- End of inner exception stack trace ---
   at System.Net.NetworkInformation.Ping.GetAddressAndSendAsync(String hostNameOrAddress, Int32 timeout, Byte[] buffer, PingOptions options)
   at WarehouseManagementSystem.Services.ApiTaskProcessorService.CheckNetworkConnectionAsync(String hostNameOrAddress) in E:\NDCProject\AG00250108 MARS沙特\WarehouseManagementSystem\Services\ApiTaskProcessorService.cs:line 156
2025-11-20 13:56:39.867 +08:00 [INF] 正在刷新PLC设备配置...
2025-11-20 13:56:41.433 +08:00 [WRN] 检查主机 api.example.com 的网络连接时出错
System.Net.NetworkInformation.PingException: An exception occurred during a Ping request.
 ---> System.Net.Sockets.SocketException (11001): 不知道这样的主机。
   at System.Net.NameResolutionPal.ProcessResult(SocketError errorCode, GetAddrInfoExContext* context)
   at System.Net.NameResolutionPal.GetAddressInfoExCallback(Int32 error, Int32 bytes, NativeOverlapped* overlapped)
--- End of stack trace from previous location ---
   at System.Net.Dns.<GetAddrInfoWithTelemetryAsync>g__CompleteAsync|34_0[T](Task task, String hostName, ValueStopwatch stopwatch)
   at System.Net.NetworkInformation.Ping.GetAddressAndSendAsync(String hostNameOrAddress, Int32 timeout, Byte[] buffer, PingOptions options)
   --- End of inner exception stack trace ---
   at System.Net.NetworkInformation.Ping.GetAddressAndSendAsync(String hostNameOrAddress, Int32 timeout, Byte[] buffer, PingOptions options)
   at WarehouseManagementSystem.Services.ApiTaskProcessorService.CheckNetworkConnectionAsync(String hostNameOrAddress) in E:\NDCProject\AG00250108 MARS沙特\WarehouseManagementSystem\Services\ApiTaskProcessorService.cs:line 156
2025-11-20 13:56:51.476 +08:00 [WRN] 检查主机 api.example.com 的网络连接时出错
System.Net.NetworkInformation.PingException: An exception occurred during a Ping request.
 ---> System.Net.Sockets.SocketException (11001): 不知道这样的主机。
   at System.Net.NameResolutionPal.ProcessResult(SocketError errorCode, GetAddrInfoExContext* context)
   at System.Net.NameResolutionPal.GetAddressInfoExCallback(Int32 error, Int32 bytes, NativeOverlapped* overlapped)
--- End of stack trace from previous location ---
   at System.Net.Dns.<GetAddrInfoWithTelemetryAsync>g__CompleteAsync|34_0[T](Task task, String hostName, ValueStopwatch stopwatch)
   at System.Net.NetworkInformation.Ping.GetAddressAndSendAsync(String hostNameOrAddress, Int32 timeout, Byte[] buffer, PingOptions options)
   --- End of inner exception stack trace ---
   at System.Net.NetworkInformation.Ping.GetAddressAndSendAsync(String hostNameOrAddress, Int32 timeout, Byte[] buffer, PingOptions options)
   at WarehouseManagementSystem.Services.ApiTaskProcessorService.CheckNetworkConnectionAsync(String hostNameOrAddress) in E:\NDCProject\AG00250108 MARS沙特\WarehouseManagementSystem\Services\ApiTaskProcessorService.cs:line 156
2025-11-20 13:56:54.874 +08:00 [INF] 正在刷新PLC设备配置...
2025-11-20 13:57:01.504 +08:00 [WRN] 检查主机 api.example.com 的网络连接时出错
System.Net.NetworkInformation.PingException: An exception occurred during a Ping request.
 ---> System.Net.Sockets.SocketException (11001): 不知道这样的主机。
   at System.Net.NameResolutionPal.ProcessResult(SocketError errorCode, GetAddrInfoExContext* context)
   at System.Net.NameResolutionPal.GetAddressInfoExCallback(Int32 error, Int32 bytes, NativeOverlapped* overlapped)
--- End of stack trace from previous location ---
   at System.Net.Dns.<GetAddrInfoWithTelemetryAsync>g__CompleteAsync|34_0[T](Task task, String hostName, ValueStopwatch stopwatch)
   at System.Net.NetworkInformation.Ping.GetAddressAndSendAsync(String hostNameOrAddress, Int32 timeout, Byte[] buffer, PingOptions options)
   --- End of inner exception stack trace ---
   at System.Net.NetworkInformation.Ping.GetAddressAndSendAsync(String hostNameOrAddress, Int32 timeout, Byte[] buffer, PingOptions options)
   at WarehouseManagementSystem.Services.ApiTaskProcessorService.CheckNetworkConnectionAsync(String hostNameOrAddress) in E:\NDCProject\AG00250108 MARS沙特\WarehouseManagementSystem\Services\ApiTaskProcessorService.cs:line 156
2025-11-20 13:57:09.890 +08:00 [INF] 正在刷新PLC设备配置...
2025-11-20 13:57:11.535 +08:00 [WRN] 检查主机 api.example.com 的网络连接时出错
System.Net.NetworkInformation.PingException: An exception occurred during a Ping request.
 ---> System.Net.Sockets.SocketException (11001): 不知道这样的主机。
   at System.Net.NameResolutionPal.ProcessResult(SocketError errorCode, GetAddrInfoExContext* context)
   at System.Net.NameResolutionPal.GetAddressInfoExCallback(Int32 error, Int32 bytes, NativeOverlapped* overlapped)
--- End of stack trace from previous location ---
   at System.Net.Dns.<GetAddrInfoWithTelemetryAsync>g__CompleteAsync|34_0[T](Task task, String hostName, ValueStopwatch stopwatch)
   at System.Net.NetworkInformation.Ping.GetAddressAndSendAsync(String hostNameOrAddress, Int32 timeout, Byte[] buffer, PingOptions options)
   --- End of inner exception stack trace ---
   at System.Net.NetworkInformation.Ping.GetAddressAndSendAsync(String hostNameOrAddress, Int32 timeout, Byte[] buffer, PingOptions options)
   at WarehouseManagementSystem.Services.ApiTaskProcessorService.CheckNetworkConnectionAsync(String hostNameOrAddress) in E:\NDCProject\AG00250108 MARS沙特\WarehouseManagementSystem\Services\ApiTaskProcessorService.cs:line 156
2025-11-20 13:57:21.576 +08:00 [WRN] 检查主机 api.example.com 的网络连接时出错
System.Net.NetworkInformation.PingException: An exception occurred during a Ping request.
 ---> System.Net.Sockets.SocketException (11001): 不知道这样的主机。
   at System.Net.NameResolutionPal.ProcessResult(SocketError errorCode, GetAddrInfoExContext* context)
   at System.Net.NameResolutionPal.GetAddressInfoExCallback(Int32 error, Int32 bytes, NativeOverlapped* overlapped)
--- End of stack trace from previous location ---
   at System.Net.Dns.<GetAddrInfoWithTelemetryAsync>g__CompleteAsync|34_0[T](Task task, String hostName, ValueStopwatch stopwatch)
   at System.Net.NetworkInformation.Ping.GetAddressAndSendAsync(String hostNameOrAddress, Int32 timeout, Byte[] buffer, PingOptions options)
   --- End of inner exception stack trace ---
   at System.Net.NetworkInformation.Ping.GetAddressAndSendAsync(String hostNameOrAddress, Int32 timeout, Byte[] buffer, PingOptions options)
   at WarehouseManagementSystem.Services.ApiTaskProcessorService.CheckNetworkConnectionAsync(String hostNameOrAddress) in E:\NDCProject\AG00250108 MARS沙特\WarehouseManagementSystem\Services\ApiTaskProcessorService.cs:line 156
2025-11-20 13:57:24.902 +08:00 [INF] 正在刷新PLC设备配置...
2025-11-20 13:57:31.625 +08:00 [WRN] 检查主机 api.example.com 的网络连接时出错
System.Net.NetworkInformation.PingException: An exception occurred during a Ping request.
 ---> System.Net.Sockets.SocketException (11001): 不知道这样的主机。
   at System.Net.NameResolutionPal.ProcessResult(SocketError errorCode, GetAddrInfoExContext* context)
   at System.Net.NameResolutionPal.GetAddressInfoExCallback(Int32 error, Int32 bytes, NativeOverlapped* overlapped)
--- End of stack trace from previous location ---
   at System.Net.Dns.<GetAddrInfoWithTelemetryAsync>g__CompleteAsync|34_0[T](Task task, String hostName, ValueStopwatch stopwatch)
   at System.Net.NetworkInformation.Ping.GetAddressAndSendAsync(String hostNameOrAddress, Int32 timeout, Byte[] buffer, PingOptions options)
   --- End of inner exception stack trace ---
   at System.Net.NetworkInformation.Ping.GetAddressAndSendAsync(String hostNameOrAddress, Int32 timeout, Byte[] buffer, PingOptions options)
   at WarehouseManagementSystem.Services.ApiTaskProcessorService.CheckNetworkConnectionAsync(String hostNameOrAddress) in E:\NDCProject\AG00250108 MARS沙特\WarehouseManagementSystem\Services\ApiTaskProcessorService.cs:line 156
2025-11-20 13:57:39.920 +08:00 [INF] 正在刷新PLC设备配置...
2025-11-20 13:57:41.693 +08:00 [WRN] 检查主机 api.example.com 的网络连接时出错
System.Net.NetworkInformation.PingException: An exception occurred during a Ping request.
 ---> System.Net.Sockets.SocketException (11001): 不知道这样的主机。
   at System.Net.NameResolutionPal.ProcessResult(SocketError errorCode, GetAddrInfoExContext* context)
   at System.Net.NameResolutionPal.GetAddressInfoExCallback(Int32 error, Int32 bytes, NativeOverlapped* overlapped)
--- End of stack trace from previous location ---
   at System.Net.Dns.<GetAddrInfoWithTelemetryAsync>g__CompleteAsync|34_0[T](Task task, String hostName, ValueStopwatch stopwatch)
   at System.Net.NetworkInformation.Ping.GetAddressAndSendAsync(String hostNameOrAddress, Int32 timeout, Byte[] buffer, PingOptions options)
   --- End of inner exception stack trace ---
   at System.Net.NetworkInformation.Ping.GetAddressAndSendAsync(String hostNameOrAddress, Int32 timeout, Byte[] buffer, PingOptions options)
   at WarehouseManagementSystem.Services.ApiTaskProcessorService.CheckNetworkConnectionAsync(String hostNameOrAddress) in E:\NDCProject\AG00250108 MARS沙特\WarehouseManagementSystem\Services\ApiTaskProcessorService.cs:line 156
2025-11-20 13:57:51.737 +08:00 [WRN] 检查主机 api.example.com 的网络连接时出错
System.Net.NetworkInformation.PingException: An exception occurred during a Ping request.
 ---> System.Net.Sockets.SocketException (11001): 不知道这样的主机。
   at System.Net.NameResolutionPal.ProcessResult(SocketError errorCode, GetAddrInfoExContext* context)
   at System.Net.NameResolutionPal.GetAddressInfoExCallback(Int32 error, Int32 bytes, NativeOverlapped* overlapped)
--- End of stack trace from previous location ---
   at System.Net.Dns.<GetAddrInfoWithTelemetryAsync>g__CompleteAsync|34_0[T](Task task, String hostName, ValueStopwatch stopwatch)
   at System.Net.NetworkInformation.Ping.GetAddressAndSendAsync(String hostNameOrAddress, Int32 timeout, Byte[] buffer, PingOptions options)
   --- End of inner exception stack trace ---
   at System.Net.NetworkInformation.Ping.GetAddressAndSendAsync(String hostNameOrAddress, Int32 timeout, Byte[] buffer, PingOptions options)
   at WarehouseManagementSystem.Services.ApiTaskProcessorService.CheckNetworkConnectionAsync(String hostNameOrAddress) in E:\NDCProject\AG00250108 MARS沙特\WarehouseManagementSystem\Services\ApiTaskProcessorService.cs:line 156
2025-11-20 13:57:54.935 +08:00 [INF] 正在刷新PLC设备配置...
2025-11-20 13:58:01.770 +08:00 [WRN] 检查主机 api.example.com 的网络连接时出错
System.Net.NetworkInformation.PingException: An exception occurred during a Ping request.
 ---> System.Net.Sockets.SocketException (11001): 不知道这样的主机。
   at System.Net.NameResolutionPal.ProcessResult(SocketError errorCode, GetAddrInfoExContext* context)
   at System.Net.NameResolutionPal.GetAddressInfoExCallback(Int32 error, Int32 bytes, NativeOverlapped* overlapped)
--- End of stack trace from previous location ---
   at System.Net.Dns.<GetAddrInfoWithTelemetryAsync>g__CompleteAsync|34_0[T](Task task, String hostName, ValueStopwatch stopwatch)
   at System.Net.NetworkInformation.Ping.GetAddressAndSendAsync(String hostNameOrAddress, Int32 timeout, Byte[] buffer, PingOptions options)
   --- End of inner exception stack trace ---
   at System.Net.NetworkInformation.Ping.GetAddressAndSendAsync(String hostNameOrAddress, Int32 timeout, Byte[] buffer, PingOptions options)
   at WarehouseManagementSystem.Services.ApiTaskProcessorService.CheckNetworkConnectionAsync(String hostNameOrAddress) in E:\NDCProject\AG00250108 MARS沙特\WarehouseManagementSystem\Services\ApiTaskProcessorService.cs:line 156
2025-11-20 13:58:09.949 +08:00 [INF] 正在刷新PLC设备配置...
2025-11-20 13:58:11.806 +08:00 [WRN] 检查主机 api.example.com 的网络连接时出错
System.Net.NetworkInformation.PingException: An exception occurred during a Ping request.
 ---> System.Net.Sockets.SocketException (11001): 不知道这样的主机。
   at System.Net.NameResolutionPal.ProcessResult(SocketError errorCode, GetAddrInfoExContext* context)
   at System.Net.NameResolutionPal.GetAddressInfoExCallback(Int32 error, Int32 bytes, NativeOverlapped* overlapped)
--- End of stack trace from previous location ---
   at System.Net.Dns.<GetAddrInfoWithTelemetryAsync>g__CompleteAsync|34_0[T](Task task, String hostName, ValueStopwatch stopwatch)
   at System.Net.NetworkInformation.Ping.GetAddressAndSendAsync(String hostNameOrAddress, Int32 timeout, Byte[] buffer, PingOptions options)
   --- End of inner exception stack trace ---
   at System.Net.NetworkInformation.Ping.GetAddressAndSendAsync(String hostNameOrAddress, Int32 timeout, Byte[] buffer, PingOptions options)
   at WarehouseManagementSystem.Services.ApiTaskProcessorService.CheckNetworkConnectionAsync(String hostNameOrAddress) in E:\NDCProject\AG00250108 MARS沙特\WarehouseManagementSystem\Services\ApiTaskProcessorService.cs:line 156
2025-11-20 14:08:11.963 +08:00 [WRN] Failed to determine the https port for redirect.
2025-11-20 14:08:12.480 +08:00 [WRN] Unable to configure Browser Link script injection on the response. This may have been caused by the response's Content-Encoding: '["br"]'. Consider disabling response compression.
2025-11-20 14:08:17.294 +08:00 [WRN] Unable to configure Browser Link script injection on the response. This may have been caused by the response's Content-Encoding: '["br"]'. Consider disabling response compression.
2025-11-20 14:08:19.073 +08:00 [WRN] Unable to configure Browser Link script injection on the response. This may have been caused by the response's Content-Encoding: '["br"]'. Consider disabling response compression.
2025-11-20 14:08:20.087 +08:00 [WRN] Unable to configure Browser Link script injection on the response. This may have been caused by the response's Content-Encoding: '["br"]'. Consider disabling response compression.
2025-11-20 14:08:23.481 +08:00 [WRN] Unable to configure Browser Link script injection on the response. This may have been caused by the response's Content-Encoding: '["br"]'. Consider disabling response compression.
2025-11-20 14:08:25.379 +08:00 [WRN] Unable to configure Browser Link script injection on the response. This may have been caused by the response's Content-Encoding: '["br"]'. Consider disabling response compression.
2025-11-20 14:08:25.937 +08:00 [WRN] Unable to configure Browser Link script injection on the response. This may have been caused by the response's Content-Encoding: '["br"]'. Consider disabling response compression.
2025-11-20 14:08:26.379 +08:00 [WRN] Unable to configure Browser Link script injection on the response. This may have been caused by the response's Content-Encoding: '["br"]'. Consider disabling response compression.
2025-11-20 14:08:26.783 +08:00 [WRN] Unable to configure Browser Link script injection on the response. This may have been caused by the response's Content-Encoding: '["br"]'. Consider disabling response compression.
2025-11-20 14:08:27.366 +08:00 [WRN] Unable to configure Browser Link script injection on the response. This may have been caused by the response's Content-Encoding: '["br"]'. Consider disabling response compression.
2025-11-20 14:08:27.907 +08:00 [WRN] Unable to configure Browser Link script injection on the response. This may have been caused by the response's Content-Encoding: '["br"]'. Consider disabling response compression.
2025-11-20 14:08:28.370 +08:00 [WRN] Unable to configure Browser Link script injection on the response. This may have been caused by the response's Content-Encoding: '["br"]'. Consider disabling response compression.
2025-11-20 14:08:28.910 +08:00 [WRN] Unable to configure Browser Link script injection on the response. This may have been caused by the response's Content-Encoding: '["br"]'. Consider disabling response compression.
2025-11-20 14:08:29.729 +08:00 [WRN] Unable to configure Browser Link script injection on the response. This may have been caused by the response's Content-Encoding: '["br"]'. Consider disabling response compression.
2025-11-20 14:08:30.225 +08:00 [WRN] Unable to configure Browser Link script injection on the response. This may have been caused by the response's Content-Encoding: '["br"]'. Consider disabling response compression.
2025-11-20 14:08:30.623 +08:00 [WRN] Unable to configure Browser Link script injection on the response. This may have been caused by the response's Content-Encoding: '["br"]'. Consider disabling response compression.
2025-11-20 14:08:31.028 +08:00 [WRN] Unable to configure Browser Link script injection on the response. This may have been caused by the response's Content-Encoding: '["br"]'. Consider disabling response compression.
2025-11-20 14:08:31.564 +08:00 [WRN] Unable to configure Browser Link script injection on the response. This may have been caused by the response's Content-Encoding: '["br"]'. Consider disabling response compression.
2025-11-20 14:42:46.581 +08:00 [WRN] Failed to determine the https port for redirect.
2025-11-20 14:42:47.131 +08:00 [WRN] Unable to configure Browser Link script injection on the response. This may have been caused by the response's Content-Encoding: '["br"]'. Consider disabling response compression.
2025-11-20 14:42:51.000 +08:00 [WRN] Unable to configure Browser Link script injection on the response. This may have been caused by the response's Content-Encoding: '["br"]'. Consider disabling response compression.
2025-11-20 14:42:53.611 +08:00 [WRN] Unable to configure Browser Link script injection on the response. This may have been caused by the response's Content-Encoding: '["br"]'. Consider disabling response compression.
2025-11-20 14:42:55.362 +08:00 [WRN] Unable to configure Browser Link script injection on the response. This may have been caused by the response's Content-Encoding: '["br"]'. Consider disabling response compression.
2025-11-20 14:42:57.380 +08:00 [WRN] Unable to configure Browser Link script injection on the response. This may have been caused by the response's Content-Encoding: '["br"]'. Consider disabling response compression.
2025-11-20 14:42:59.278 +08:00 [WRN] Unable to configure Browser Link script injection on the response. This may have been caused by the response's Content-Encoding: '["br"]'. Consider disabling response compression.
2025-11-20 14:43:05.102 +08:00 [WRN] Unable to configure Browser Link script injection on the response. This may have been caused by the response's Content-Encoding: '["br"]'. Consider disabling response compression.
2025-11-20 14:43:09.357 +08:00 [WRN] Unable to configure Browser Link script injection on the response. This may have been caused by the response's Content-Encoding: '["br"]'. Consider disabling response compression.
2025-11-20 14:43:14.106 +08:00 [WRN] Unable to configure Browser Link script injection on the response. This may have been caused by the response's Content-Encoding: '["br"]'. Consider disabling response compression.
2025-11-20 14:44:04.978 +08:00 [WRN] Failed to determine the https port for redirect.
2025-11-20 14:44:05.523 +08:00 [WRN] Unable to configure Browser Link script injection on the response. This may have been caused by the response's Content-Encoding: '["br"]'. Consider disabling response compression.
2025-11-20 14:44:09.189 +08:00 [WRN] Unable to configure Browser Link script injection on the response. This may have been caused by the response's Content-Encoding: '["br"]'. Consider disabling response compression.
2025-11-20 14:45:06.932 +08:00 [WRN] Failed to determine the https port for redirect.
2025-11-20 14:45:07.450 +08:00 [WRN] Unable to configure Browser Link script injection on the response. This may have been caused by the response's Content-Encoding: '["br"]'. Consider disabling response compression.
2025-11-20 14:46:15.721 +08:00 [WRN] Unable to configure Browser Link script injection on the response. This may have been caused by the response's Content-Encoding: '["br"]'. Consider disabling response compression.
2025-11-20 14:46:58.832 +08:00 [INF] API任务处理服务已初始化，轮询间隔: 5秒
2025-11-20 14:46:58.890 +08:00 [INF] IO处理服务已启动
2025-11-20 14:46:58.895 +08:00 [INF] 网络连接监控任务已启动
2025-11-20 14:46:58.897 +08:00 [INF] 开始清理过期IO任务数据...
2025-11-20 14:46:59.256 +08:00 [INF] 正在启动PLC通信托管服务...
2025-11-20 14:46:59.257 +08:00 [INF] 尝试重置PLC通信服务锁状态...
2025-11-20 14:46:59.259 +08:00 [INF] 正在重置PLC通信服务锁状态...
2025-11-20 14:46:59.260 +08:00 [INF] 成功获取服务锁，立即释放
2025-11-20 14:46:59.264 +08:00 [INF] 正在启动PLC通信服务...
2025-11-20 14:46:59.266 +08:00 [INF] 开始重置所有设备锁...
2025-11-20 14:46:59.267 +08:00 [INF] 所有设备锁已重置
2025-11-20 14:46:59.602 +08:00 [DBG] IO任务清理完成，没有需要清理的记录
2025-11-20 14:46:59.621 +08:00 [INF] 发现新的IO设备: 192.168.200.121
2025-11-20 14:46:59.626 +08:00 [WRN] 没有启用的PLC设备，通信服务未启动
2025-11-20 14:46:59.629 +08:00 [INF] PLC配置刷新任务已启动
2025-11-20 14:46:59.630 +08:00 [INF] PLC连接状态监控任务已启动
2025-11-20 14:46:59.633 +08:00 [INF] PLC通信托管服务已启动
2025-11-20 14:46:59.638 +08:00 [INF] PLC任务处理器正在启动...
2025-11-20 14:46:59.641 +08:00 [INF] PLC任务处理循环已启动
2025-11-20 14:46:59.643 +08:00 [INF] PLC任务处理器已启动
2025-11-20 14:46:59.645 +08:00 [INF] 心跳服务正在启动...
2025-11-20 14:46:59.647 +08:00 [INF] 心跳处理循环已启动
2025-11-20 14:46:59.658 +08:00 [INF] 心跳服务已启动
2025-11-20 14:46:59.660 +08:00 [INF] API任务处理服务已启动
2025-11-20 14:46:59.664 +08:00 [INF] API服务网络连接监控任务已启动
2025-11-20 14:46:59.784 +08:00 [WRN] 检查主机 api.example.com 的网络连接时出错
System.Net.NetworkInformation.PingException: An exception occurred during a Ping request.
 ---> System.Net.Sockets.SocketException (11001): 不知道这样的主机。
   at System.Net.NameResolutionPal.ProcessResult(SocketError errorCode, GetAddrInfoExContext* context)
   at System.Net.NameResolutionPal.GetAddressInfoExCallback(Int32 error, Int32 bytes, NativeOverlapped* overlapped)
--- End of stack trace from previous location ---
   at System.Net.Dns.<GetAddrInfoWithTelemetryAsync>g__CompleteAsync|34_0[T](Task task, String hostName, ValueStopwatch stopwatch)
   at System.Net.NetworkInformation.Ping.GetAddressAndSendAsync(String hostNameOrAddress, Int32 timeout, Byte[] buffer, PingOptions options)
   --- End of inner exception stack trace ---
   at System.Net.NetworkInformation.Ping.GetAddressAndSendAsync(String hostNameOrAddress, Int32 timeout, Byte[] buffer, PingOptions options)
   at WarehouseManagementSystem.Services.ApiTaskProcessorService.CheckNetworkConnectionAsync(String hostNameOrAddress) in E:\NDCProject\AG00250108 MARS沙特\WarehouseManagementSystem\Services\ApiTaskProcessorService.cs:line 156
2025-11-20 14:46:59.835 +08:00 [INF] 默认API端点 api.example.com 的初始网络状态: 离线
2025-11-20 14:46:59.858 +08:00 [WRN] 检查主机 api.example.com 的网络连接时出错
System.Net.NetworkInformation.PingException: An exception occurred during a Ping request.
 ---> System.Net.Sockets.SocketException (11001): 不知道这样的主机。
   at System.Net.NameResolutionPal.ProcessResult(SocketError errorCode, GetAddrInfoExContext* context)
   at System.Net.NameResolutionPal.GetAddressInfoExCallback(Int32 error, Int32 bytes, NativeOverlapped* overlapped)
--- End of stack trace from previous location ---
   at System.Net.Dns.<GetAddrInfoWithTelemetryAsync>g__CompleteAsync|34_0[T](Task task, String hostName, ValueStopwatch stopwatch)
   at System.Net.NetworkInformation.Ping.GetAddressAndSendAsync(String hostNameOrAddress, Int32 timeout, Byte[] buffer, PingOptions options)
   --- End of inner exception stack trace ---
   at System.Net.NetworkInformation.Ping.GetAddressAndSendAsync(String hostNameOrAddress, Int32 timeout, Byte[] buffer, PingOptions options)
   at WarehouseManagementSystem.Services.ApiTaskProcessorService.CheckNetworkConnectionAsync(String hostNameOrAddress) in E:\NDCProject\AG00250108 MARS沙特\WarehouseManagementSystem\Services\ApiTaskProcessorService.cs:line 156
2025-11-20 14:47:00.253 +08:00 [INF] 设备 192.168.200.121 的网络连接状态: 离线
2025-11-20 14:47:00.255 +08:00 [INF] 当前活跃IO设备: 1个
2025-11-20 14:47:01.442 +08:00 [WRN] Failed to determine the https port for redirect.
2025-11-20 14:47:01.833 +08:00 [WRN] Unable to configure Browser Link script injection on the response. This may have been caused by the response's Content-Encoding: '["br"]'. Consider disabling response compression.
2025-11-20 14:47:09.901 +08:00 [WRN] 检查主机 api.example.com 的网络连接时出错
System.Net.NetworkInformation.PingException: An exception occurred during a Ping request.
 ---> System.Net.Sockets.SocketException (11001): 不知道这样的主机。
   at System.Net.NameResolutionPal.ProcessResult(SocketError errorCode, GetAddrInfoExContext* context)
   at System.Net.NameResolutionPal.GetAddressInfoExCallback(Int32 error, Int32 bytes, NativeOverlapped* overlapped)
--- End of stack trace from previous location ---
   at System.Net.Dns.<GetAddrInfoWithTelemetryAsync>g__CompleteAsync|34_0[T](Task task, String hostName, ValueStopwatch stopwatch)
   at System.Net.NetworkInformation.Ping.GetAddressAndSendAsync(String hostNameOrAddress, Int32 timeout, Byte[] buffer, PingOptions options)
   --- End of inner exception stack trace ---
   at System.Net.NetworkInformation.Ping.GetAddressAndSendAsync(String hostNameOrAddress, Int32 timeout, Byte[] buffer, PingOptions options)
   at WarehouseManagementSystem.Services.ApiTaskProcessorService.CheckNetworkConnectionAsync(String hostNameOrAddress) in E:\NDCProject\AG00250108 MARS沙特\WarehouseManagementSystem\Services\ApiTaskProcessorService.cs:line 156
2025-11-20 14:47:14.635 +08:00 [INF] 正在刷新PLC设备配置...
2025-11-20 14:47:19.980 +08:00 [WRN] 检查主机 api.example.com 的网络连接时出错
System.Net.NetworkInformation.PingException: An exception occurred during a Ping request.
 ---> System.Net.Sockets.SocketException (11001): 不知道这样的主机。
   at System.Net.NameResolutionPal.ProcessResult(SocketError errorCode, GetAddrInfoExContext* context)
   at System.Net.NameResolutionPal.GetAddressInfoExCallback(Int32 error, Int32 bytes, NativeOverlapped* overlapped)
--- End of stack trace from previous location ---
   at System.Net.Dns.<GetAddrInfoWithTelemetryAsync>g__CompleteAsync|34_0[T](Task task, String hostName, ValueStopwatch stopwatch)
   at System.Net.NetworkInformation.Ping.GetAddressAndSendAsync(String hostNameOrAddress, Int32 timeout, Byte[] buffer, PingOptions options)
   --- End of inner exception stack trace ---
   at System.Net.NetworkInformation.Ping.GetAddressAndSendAsync(String hostNameOrAddress, Int32 timeout, Byte[] buffer, PingOptions options)
   at WarehouseManagementSystem.Services.ApiTaskProcessorService.CheckNetworkConnectionAsync(String hostNameOrAddress) in E:\NDCProject\AG00250108 MARS沙特\WarehouseManagementSystem\Services\ApiTaskProcessorService.cs:line 156
2025-11-20 14:47:29.643 +08:00 [INF] 正在刷新PLC设备配置...
2025-11-20 14:47:30.016 +08:00 [WRN] 检查主机 api.example.com 的网络连接时出错
System.Net.NetworkInformation.PingException: An exception occurred during a Ping request.
 ---> System.Net.Sockets.SocketException (11001): 不知道这样的主机。
   at System.Net.NameResolutionPal.ProcessResult(SocketError errorCode, GetAddrInfoExContext* context)
   at System.Net.NameResolutionPal.GetAddressInfoExCallback(Int32 error, Int32 bytes, NativeOverlapped* overlapped)
--- End of stack trace from previous location ---
   at System.Net.Dns.<GetAddrInfoWithTelemetryAsync>g__CompleteAsync|34_0[T](Task task, String hostName, ValueStopwatch stopwatch)
   at System.Net.NetworkInformation.Ping.GetAddressAndSendAsync(String hostNameOrAddress, Int32 timeout, Byte[] buffer, PingOptions options)
   --- End of inner exception stack trace ---
   at System.Net.NetworkInformation.Ping.GetAddressAndSendAsync(String hostNameOrAddress, Int32 timeout, Byte[] buffer, PingOptions options)
   at WarehouseManagementSystem.Services.ApiTaskProcessorService.CheckNetworkConnectionAsync(String hostNameOrAddress) in E:\NDCProject\AG00250108 MARS沙特\WarehouseManagementSystem\Services\ApiTaskProcessorService.cs:line 156
2025-11-20 14:47:40.058 +08:00 [WRN] 检查主机 api.example.com 的网络连接时出错
System.Net.NetworkInformation.PingException: An exception occurred during a Ping request.
 ---> System.Net.Sockets.SocketException (11001): 不知道这样的主机。
   at System.Net.NameResolutionPal.ProcessResult(SocketError errorCode, GetAddrInfoExContext* context)
   at System.Net.NameResolutionPal.GetAddressInfoExCallback(Int32 error, Int32 bytes, NativeOverlapped* overlapped)
--- End of stack trace from previous location ---
   at System.Net.Dns.<GetAddrInfoWithTelemetryAsync>g__CompleteAsync|34_0[T](Task task, String hostName, ValueStopwatch stopwatch)
   at System.Net.NetworkInformation.Ping.GetAddressAndSendAsync(String hostNameOrAddress, Int32 timeout, Byte[] buffer, PingOptions options)
   --- End of inner exception stack trace ---
   at System.Net.NetworkInformation.Ping.GetAddressAndSendAsync(String hostNameOrAddress, Int32 timeout, Byte[] buffer, PingOptions options)
   at WarehouseManagementSystem.Services.ApiTaskProcessorService.CheckNetworkConnectionAsync(String hostNameOrAddress) in E:\NDCProject\AG00250108 MARS沙特\WarehouseManagementSystem\Services\ApiTaskProcessorService.cs:line 156
2025-11-20 14:47:44.652 +08:00 [INF] 正在刷新PLC设备配置...
2025-11-20 14:49:34.553 +08:00 [INF] API任务处理服务已初始化，轮询间隔: 5秒
2025-11-20 14:49:34.612 +08:00 [INF] IO处理服务已启动
2025-11-20 14:49:34.617 +08:00 [INF] 网络连接监控任务已启动
2025-11-20 14:49:34.619 +08:00 [INF] 开始清理过期IO任务数据...
2025-11-20 14:49:34.985 +08:00 [INF] 正在启动PLC通信托管服务...
2025-11-20 14:49:34.986 +08:00 [INF] 尝试重置PLC通信服务锁状态...
2025-11-20 14:49:34.988 +08:00 [INF] 正在重置PLC通信服务锁状态...
2025-11-20 14:49:34.989 +08:00 [INF] 成功获取服务锁，立即释放
2025-11-20 14:49:34.993 +08:00 [INF] 正在启动PLC通信服务...
2025-11-20 14:49:34.994 +08:00 [INF] 开始重置所有设备锁...
2025-11-20 14:49:34.995 +08:00 [INF] 所有设备锁已重置
2025-11-20 14:49:35.336 +08:00 [DBG] IO任务清理完成，没有需要清理的记录
2025-11-20 14:49:35.352 +08:00 [INF] 发现新的IO设备: 192.168.200.121
2025-11-20 14:49:35.355 +08:00 [WRN] 没有启用的PLC设备，通信服务未启动
2025-11-20 14:49:35.357 +08:00 [INF] PLC配置刷新任务已启动
2025-11-20 14:49:35.358 +08:00 [INF] PLC连接状态监控任务已启动
2025-11-20 14:49:35.361 +08:00 [INF] PLC通信托管服务已启动
2025-11-20 14:49:35.364 +08:00 [INF] PLC任务处理器正在启动...
2025-11-20 14:49:35.369 +08:00 [INF] PLC任务处理循环已启动
2025-11-20 14:49:35.371 +08:00 [INF] PLC任务处理器已启动
2025-11-20 14:49:35.373 +08:00 [INF] 心跳服务正在启动...
2025-11-20 14:49:35.375 +08:00 [INF] 心跳处理循环已启动
2025-11-20 14:49:35.385 +08:00 [INF] 心跳服务已启动
2025-11-20 14:49:35.386 +08:00 [INF] API任务处理服务已启动
2025-11-20 14:49:35.389 +08:00 [INF] API服务网络连接监控任务已启动
2025-11-20 14:49:35.476 +08:00 [WRN] 检查主机 api.example.com 的网络连接时出错
System.Net.NetworkInformation.PingException: An exception occurred during a Ping request.
 ---> System.Net.Sockets.SocketException (11001): 不知道这样的主机。
   at System.Net.NameResolutionPal.ProcessResult(SocketError errorCode, GetAddrInfoExContext* context)
   at System.Net.NameResolutionPal.GetAddressInfoExCallback(Int32 error, Int32 bytes, NativeOverlapped* overlapped)
--- End of stack trace from previous location ---
   at System.Net.Dns.<GetAddrInfoWithTelemetryAsync>g__CompleteAsync|34_0[T](Task task, String hostName, ValueStopwatch stopwatch)
   at System.Net.NetworkInformation.Ping.GetAddressAndSendAsync(String hostNameOrAddress, Int32 timeout, Byte[] buffer, PingOptions options)
   --- End of inner exception stack trace ---
   at System.Net.NetworkInformation.Ping.GetAddressAndSendAsync(String hostNameOrAddress, Int32 timeout, Byte[] buffer, PingOptions options)
   at WarehouseManagementSystem.Services.ApiTaskProcessorService.CheckNetworkConnectionAsync(String hostNameOrAddress) in E:\NDCProject\AG00250108 MARS沙特\WarehouseManagementSystem\Services\ApiTaskProcessorService.cs:line 156
2025-11-20 14:49:35.509 +08:00 [INF] 默认API端点 api.example.com 的初始网络状态: 离线
2025-11-20 14:49:35.535 +08:00 [WRN] 检查主机 api.example.com 的网络连接时出错
System.Net.NetworkInformation.PingException: An exception occurred during a Ping request.
 ---> System.Net.Sockets.SocketException (11001): 不知道这样的主机。
   at System.Net.NameResolutionPal.ProcessResult(SocketError errorCode, GetAddrInfoExContext* context)
   at System.Net.NameResolutionPal.GetAddressInfoExCallback(Int32 error, Int32 bytes, NativeOverlapped* overlapped)
--- End of stack trace from previous location ---
   at System.Net.Dns.<GetAddrInfoWithTelemetryAsync>g__CompleteAsync|34_0[T](Task task, String hostName, ValueStopwatch stopwatch)
   at System.Net.NetworkInformation.Ping.GetAddressAndSendAsync(String hostNameOrAddress, Int32 timeout, Byte[] buffer, PingOptions options)
   --- End of inner exception stack trace ---
   at System.Net.NetworkInformation.Ping.GetAddressAndSendAsync(String hostNameOrAddress, Int32 timeout, Byte[] buffer, PingOptions options)
   at WarehouseManagementSystem.Services.ApiTaskProcessorService.CheckNetworkConnectionAsync(String hostNameOrAddress) in E:\NDCProject\AG00250108 MARS沙特\WarehouseManagementSystem\Services\ApiTaskProcessorService.cs:line 156
2025-11-20 14:49:36.249 +08:00 [INF] 设备 192.168.200.121 的网络连接状态: 离线
2025-11-20 14:49:36.252 +08:00 [INF] 当前活跃IO设备: 1个
2025-11-20 14:49:37.134 +08:00 [WRN] Failed to determine the https port for redirect.
2025-11-20 14:49:45.587 +08:00 [WRN] 检查主机 api.example.com 的网络连接时出错
System.Net.NetworkInformation.PingException: An exception occurred during a Ping request.
 ---> System.Net.Sockets.SocketException (11001): 不知道这样的主机。
   at System.Net.NameResolutionPal.ProcessResult(SocketError errorCode, GetAddrInfoExContext* context)
   at System.Net.NameResolutionPal.GetAddressInfoExCallback(Int32 error, Int32 bytes, NativeOverlapped* overlapped)
--- End of stack trace from previous location ---
   at System.Net.Dns.<GetAddrInfoWithTelemetryAsync>g__CompleteAsync|34_0[T](Task task, String hostName, ValueStopwatch stopwatch)
   at System.Net.NetworkInformation.Ping.GetAddressAndSendAsync(String hostNameOrAddress, Int32 timeout, Byte[] buffer, PingOptions options)
   --- End of inner exception stack trace ---
   at System.Net.NetworkInformation.Ping.GetAddressAndSendAsync(String hostNameOrAddress, Int32 timeout, Byte[] buffer, PingOptions options)
   at WarehouseManagementSystem.Services.ApiTaskProcessorService.CheckNetworkConnectionAsync(String hostNameOrAddress) in E:\NDCProject\AG00250108 MARS沙特\WarehouseManagementSystem\Services\ApiTaskProcessorService.cs:line 156
2025-11-20 14:49:50.377 +08:00 [INF] 正在刷新PLC设备配置...
2025-11-20 14:49:55.654 +08:00 [WRN] 检查主机 api.example.com 的网络连接时出错
System.Net.NetworkInformation.PingException: An exception occurred during a Ping request.
 ---> System.Net.Sockets.SocketException (11001): 不知道这样的主机。
   at System.Net.NameResolutionPal.ProcessResult(SocketError errorCode, GetAddrInfoExContext* context)
   at System.Net.NameResolutionPal.GetAddressInfoExCallback(Int32 error, Int32 bytes, NativeOverlapped* overlapped)
--- End of stack trace from previous location ---
   at System.Net.Dns.<GetAddrInfoWithTelemetryAsync>g__CompleteAsync|34_0[T](Task task, String hostName, ValueStopwatch stopwatch)
   at System.Net.NetworkInformation.Ping.GetAddressAndSendAsync(String hostNameOrAddress, Int32 timeout, Byte[] buffer, PingOptions options)
   --- End of inner exception stack trace ---
   at System.Net.NetworkInformation.Ping.GetAddressAndSendAsync(String hostNameOrAddress, Int32 timeout, Byte[] buffer, PingOptions options)
   at WarehouseManagementSystem.Services.ApiTaskProcessorService.CheckNetworkConnectionAsync(String hostNameOrAddress) in E:\NDCProject\AG00250108 MARS沙特\WarehouseManagementSystem\Services\ApiTaskProcessorService.cs:line 156
2025-11-20 14:50:05.394 +08:00 [INF] 正在刷新PLC设备配置...
2025-11-20 14:50:05.695 +08:00 [WRN] 检查主机 api.example.com 的网络连接时出错
System.Net.NetworkInformation.PingException: An exception occurred during a Ping request.
 ---> System.Net.Sockets.SocketException (11001): 不知道这样的主机。
   at System.Net.NameResolutionPal.ProcessResult(SocketError errorCode, GetAddrInfoExContext* context)
   at System.Net.NameResolutionPal.GetAddressInfoExCallback(Int32 error, Int32 bytes, NativeOverlapped* overlapped)
--- End of stack trace from previous location ---
   at System.Net.Dns.<GetAddrInfoWithTelemetryAsync>g__CompleteAsync|34_0[T](Task task, String hostName, ValueStopwatch stopwatch)
   at System.Net.NetworkInformation.Ping.GetAddressAndSendAsync(String hostNameOrAddress, Int32 timeout, Byte[] buffer, PingOptions options)
   --- End of inner exception stack trace ---
   at System.Net.NetworkInformation.Ping.GetAddressAndSendAsync(String hostNameOrAddress, Int32 timeout, Byte[] buffer, PingOptions options)
   at WarehouseManagementSystem.Services.ApiTaskProcessorService.CheckNetworkConnectionAsync(String hostNameOrAddress) in E:\NDCProject\AG00250108 MARS沙特\WarehouseManagementSystem\Services\ApiTaskProcessorService.cs:line 156
2025-11-20 14:50:27.459 +08:00 [INF] IO处理服务已启动
2025-11-20 14:50:27.513 +08:00 [INF] 网络连接监控任务已启动
2025-11-20 14:50:27.517 +08:00 [INF] 开始清理过期IO任务数据...
2025-11-20 14:50:28.325 +08:00 [DBG] IO任务清理完成，没有需要清理的记录
2025-11-20 14:50:28.421 +08:00 [INF] 发现新的IO设备: 192.168.200.121
2025-11-20 14:50:29.250 +08:00 [INF] 设备 192.168.200.121 的网络连接状态: 离线
2025-11-20 14:50:29.255 +08:00 [INF] 当前活跃IO设备: 1个
2025-11-20 14:50:29.724 +08:00 [WRN] Failed to determine the https port for redirect.
2025-11-20 14:50:52.132 +08:00 [INF] 任务 147984 已成功取消
2025-11-20 15:15:40.207 +08:00 [INF] IO处理服务已启动
2025-11-20 15:15:40.256 +08:00 [INF] 网络连接监控任务已启动
2025-11-20 15:15:40.259 +08:00 [INF] 开始清理过期IO任务数据...
2025-11-20 15:15:40.978 +08:00 [DBG] IO任务清理完成，没有需要清理的记录
2025-11-20 15:15:41.052 +08:00 [INF] 发现新的IO设备: 192.168.200.121
2025-11-20 15:15:41.757 +08:00 [INF] 设备 192.168.200.121 的网络连接状态: 离线
2025-11-20 15:15:41.771 +08:00 [INF] 当前活跃IO设备: 1个
2025-11-20 15:15:42.269 +08:00 [WRN] Failed to determine the https port for redirect.
2025-11-20 15:30:31.419 +08:00 [INF] IO处理服务已启动
2025-11-20 15:30:31.470 +08:00 [INF] 网络连接监控任务已启动
2025-11-20 15:30:31.474 +08:00 [INF] 开始清理过期IO任务数据...
2025-11-20 15:30:32.232 +08:00 [DBG] IO任务清理完成，没有需要清理的记录
2025-11-20 15:30:32.314 +08:00 [INF] 发现新的IO设备: 192.168.200.121
2025-11-20 15:30:33.276 +08:00 [INF] 设备 192.168.200.121 的网络连接状态: 离线
2025-11-20 15:30:33.291 +08:00 [INF] 当前活跃IO设备: 1个
2025-11-20 15:30:33.587 +08:00 [WRN] Failed to determine the https port for redirect.
2025-11-20 15:43:39.137 +08:00 [INF] IO处理服务已启动
2025-11-20 15:43:39.192 +08:00 [INF] 网络连接监控任务已启动
2025-11-20 15:43:39.194 +08:00 [INF] 开始清理过期IO任务数据...
2025-11-20 15:43:39.874 +08:00 [DBG] IO任务清理完成，没有需要清理的记录
2025-11-20 15:43:39.959 +08:00 [INF] 发现新的IO设备: 192.168.200.121
2025-11-20 15:43:40.753 +08:00 [INF] 设备 192.168.200.121 的网络连接状态: 离线
2025-11-20 15:43:40.758 +08:00 [INF] 当前活跃IO设备: 1个
2025-11-20 15:43:41.289 +08:00 [WRN] Failed to determine the https port for redirect.
2025-11-20 15:50:42.549 +08:00 [INF] IO处理服务已启动
2025-11-20 15:50:42.598 +08:00 [INF] 网络连接监控任务已启动
2025-11-20 15:50:42.601 +08:00 [INF] 开始清理过期IO任务数据...
2025-11-20 15:50:43.364 +08:00 [DBG] IO任务清理完成，没有需要清理的记录
2025-11-20 15:50:43.455 +08:00 [INF] 发现新的IO设备: 192.168.200.121
2025-11-20 15:50:44.249 +08:00 [INF] 设备 192.168.200.121 的网络连接状态: 离线
2025-11-20 15:50:44.251 +08:00 [INF] 当前活跃IO设备: 1个
2025-11-20 15:50:45.127 +08:00 [WRN] Failed to determine the https port for redirect.
2025-11-20 16:07:32.759 +08:00 [INF] IO处理服务已启动
2025-11-20 16:07:32.810 +08:00 [INF] 网络连接监控任务已启动
2025-11-20 16:07:32.813 +08:00 [INF] 开始清理过期IO任务数据...
2025-11-20 16:07:33.562 +08:00 [DBG] IO任务清理完成，没有需要清理的记录
2025-11-20 16:07:33.638 +08:00 [INF] 发现新的IO设备: 192.168.200.121
2025-11-20 16:07:34.253 +08:00 [INF] 设备 192.168.200.121 的网络连接状态: 离线
2025-11-20 16:07:34.255 +08:00 [INF] 当前活跃IO设备: 1个
2025-11-20 16:07:35.246 +08:00 [WRN] Failed to determine the https port for redirect.
2025-11-20 16:10:52.845 +08:00 [INF] IO处理服务已启动
2025-11-20 16:10:52.899 +08:00 [INF] 网络连接监控任务已启动
2025-11-20 16:10:52.902 +08:00 [INF] 开始清理过期IO任务数据...
2025-11-20 16:10:53.670 +08:00 [DBG] IO任务清理完成，没有需要清理的记录
2025-11-20 16:10:53.745 +08:00 [INF] 发现新的IO设备: 192.168.200.121
2025-11-20 16:10:54.752 +08:00 [INF] 设备 192.168.200.121 的网络连接状态: 离线
2025-11-20 16:10:54.755 +08:00 [INF] 当前活跃IO设备: 1个
2025-11-20 16:10:54.960 +08:00 [WRN] Failed to determine the https port for redirect.
2025-11-20 16:13:48.342 +08:00 [INF] IO处理服务已启动
2025-11-20 16:13:48.393 +08:00 [INF] 网络连接监控任务已启动
2025-11-20 16:13:48.396 +08:00 [INF] 开始清理过期IO任务数据...
2025-11-20 16:13:49.122 +08:00 [DBG] IO任务清理完成，没有需要清理的记录
2025-11-20 16:13:49.204 +08:00 [INF] 发现新的IO设备: 192.168.200.121
2025-11-20 16:13:49.750 +08:00 [INF] 设备 192.168.200.121 的网络连接状态: 离线
2025-11-20 16:13:49.753 +08:00 [INF] 当前活跃IO设备: 1个
2025-11-20 16:13:50.517 +08:00 [WRN] Failed to determine the https port for redirect.
2025-11-20 16:16:45.634 +08:00 [INF] IO处理服务已启动
2025-11-20 16:16:45.685 +08:00 [INF] 网络连接监控任务已启动
2025-11-20 16:16:45.688 +08:00 [INF] 开始清理过期IO任务数据...
2025-11-20 16:16:46.443 +08:00 [DBG] IO任务清理完成，没有需要清理的记录
2025-11-20 16:16:46.518 +08:00 [INF] 发现新的IO设备: 192.168.200.121
2025-11-20 16:16:47.253 +08:00 [INF] 设备 192.168.200.121 的网络连接状态: 离线
2025-11-20 16:16:47.260 +08:00 [INF] 当前活跃IO设备: 1个
2025-11-20 16:16:47.775 +08:00 [WRN] Failed to determine the https port for redirect.
2025-11-20 16:26:17.926 +08:00 [INF] IO处理服务已启动
2025-11-20 16:26:17.978 +08:00 [INF] 网络连接监控任务已启动
2025-11-20 16:26:17.982 +08:00 [INF] 开始清理过期IO任务数据...
2025-11-20 16:26:18.706 +08:00 [DBG] IO任务清理完成，没有需要清理的记录
2025-11-20 16:26:18.792 +08:00 [INF] 发现新的IO设备: 192.168.200.121
2025-11-20 16:26:19.751 +08:00 [INF] 设备 192.168.200.121 的网络连接状态: 离线
2025-11-20 16:26:19.756 +08:00 [INF] 当前活跃IO设备: 1个
2025-11-20 16:26:20.225 +08:00 [WRN] Failed to determine the https port for redirect.
2025-11-20 16:37:35.155 +08:00 [INF] IO处理服务已启动
2025-11-20 16:37:35.208 +08:00 [INF] 网络连接监控任务已启动
2025-11-20 16:37:35.211 +08:00 [INF] 开始清理过期IO任务数据...
2025-11-20 16:37:36.028 +08:00 [DBG] IO任务清理完成，没有需要清理的记录
2025-11-20 16:37:36.118 +08:00 [INF] 发现新的IO设备: 192.168.200.121
2025-11-20 16:37:36.753 +08:00 [INF] 设备 192.168.200.121 的网络连接状态: 离线
2025-11-20 16:37:36.755 +08:00 [INF] 当前活跃IO设备: 1个
2025-11-20 16:37:37.334 +08:00 [WRN] Failed to determine the https port for redirect.
2025-11-20 16:41:47.582 +08:00 [INF] IO处理服务已启动
2025-11-20 16:41:47.641 +08:00 [INF] 网络连接监控任务已启动
2025-11-20 16:41:47.644 +08:00 [INF] 开始清理过期IO任务数据...
2025-11-20 16:41:48.411 +08:00 [DBG] IO任务清理完成，没有需要清理的记录
2025-11-20 16:41:48.491 +08:00 [INF] 发现新的IO设备: 192.168.200.121
2025-11-20 16:41:49.252 +08:00 [INF] 设备 192.168.200.121 的网络连接状态: 离线
2025-11-20 16:41:49.261 +08:00 [INF] 当前活跃IO设备: 1个
2025-11-20 16:41:49.609 +08:00 [WRN] Failed to determine the https port for redirect.
