2025-08-27 11:36:59.886 +08:00 [INF] API任务处理服务已初始化，轮询间隔: 5秒
2025-08-27 11:36:59.936 +08:00 [INF] IO处理服务已启动
2025-08-27 11:36:59.941 +08:00 [INF] 网络连接监控任务已启动
2025-08-27 11:36:59.943 +08:00 [INF] 开始清理过期IO任务数据...
2025-08-27 11:37:00.669 +08:00 [INF] 正在启动PLC通信托管服务...
2025-08-27 11:37:00.671 +08:00 [INF] 尝试重置PLC通信服务锁状态...
2025-08-27 11:37:00.674 +08:00 [INF] 正在重置PLC通信服务锁状态...
2025-08-27 11:37:00.675 +08:00 [INF] 成功获取服务锁，立即释放
2025-08-27 11:37:00.680 +08:00 [INF] 正在启动PLC通信服务...
2025-08-27 11:37:00.681 +08:00 [INF] 开始重置所有设备锁...
2025-08-27 11:37:00.682 +08:00 [INF] 所有设备锁已重置
2025-08-27 11:37:01.423 +08:00 [DBG] IO任务清理完成，没有需要清理的记录
2025-08-27 11:37:01.437 +08:00 [INF] 发现新的IO设备: 192.168.200.121
2025-08-27 11:37:01.448 +08:00 [WRN] 没有启用的PLC设备，通信服务未启动
2025-08-27 11:37:01.450 +08:00 [INF] PLC配置刷新任务已启动
2025-08-27 11:37:01.452 +08:00 [INF] PLC连接状态监控任务已启动
2025-08-27 11:37:01.456 +08:00 [INF] PLC通信托管服务已启动
2025-08-27 11:37:01.461 +08:00 [INF] PLC任务处理器正在启动...
2025-08-27 11:37:01.464 +08:00 [INF] PLC任务处理循环已启动
2025-08-27 11:37:01.467 +08:00 [INF] PLC任务处理器已启动
2025-08-27 11:37:01.469 +08:00 [INF] 心跳服务正在启动...
2025-08-27 11:37:01.472 +08:00 [INF] 心跳处理循环已启动
2025-08-27 11:37:01.483 +08:00 [INF] 心跳服务已启动
2025-08-27 11:37:01.485 +08:00 [INF] API任务处理服务已启动
2025-08-27 11:37:01.489 +08:00 [INF] API服务网络连接监控任务已启动
2025-08-27 11:37:01.680 +08:00 [WRN] 检查主机 api.example.com 的网络连接时出错
System.Net.NetworkInformation.PingException: An exception occurred during a Ping request.
 ---> System.Net.Sockets.SocketException (11001): 不知道这样的主机。
   at System.Net.NameResolutionPal.ProcessResult(SocketError errorCode, GetAddrInfoExContext* context)
   at System.Net.NameResolutionPal.GetAddressInfoExCallback(Int32 error, Int32 bytes, NativeOverlapped* overlapped)
--- End of stack trace from previous location ---
   at System.Net.Dns.<GetAddrInfoWithTelemetryAsync>g__CompleteAsync|34_0[T](Task task, String hostName, ValueStopwatch stopwatch)
   at System.Net.NetworkInformation.Ping.GetAddressAndSendAsync(String hostNameOrAddress, Int32 timeout, Byte[] buffer, PingOptions options)
   --- End of inner exception stack trace ---
   at System.Net.NetworkInformation.Ping.GetAddressAndSendAsync(String hostNameOrAddress, Int32 timeout, Byte[] buffer, PingOptions options)
   at WarehouseManagementSystem.Services.ApiTaskProcessorService.CheckNetworkConnectionAsync(String hostNameOrAddress) in E:\插件集成\WarehouseManagementSystem\Services\ApiTaskProcessorService.cs:line 156
2025-08-27 11:37:01.711 +08:00 [INF] 默认API端点 api.example.com 的初始网络状态: 离线
2025-08-27 11:37:01.739 +08:00 [WRN] 检查主机 api.example.com 的网络连接时出错
System.Net.NetworkInformation.PingException: An exception occurred during a Ping request.
 ---> System.Net.Sockets.SocketException (11001): 不知道这样的主机。
   at System.Net.NameResolutionPal.ProcessResult(SocketError errorCode, GetAddrInfoExContext* context)
   at System.Net.NameResolutionPal.GetAddressInfoExCallback(Int32 error, Int32 bytes, NativeOverlapped* overlapped)
--- End of stack trace from previous location ---
   at System.Net.Dns.<GetAddrInfoWithTelemetryAsync>g__CompleteAsync|34_0[T](Task task, String hostName, ValueStopwatch stopwatch)
   at System.Net.NetworkInformation.Ping.GetAddressAndSendAsync(String hostNameOrAddress, Int32 timeout, Byte[] buffer, PingOptions options)
   --- End of inner exception stack trace ---
   at System.Net.NetworkInformation.Ping.GetAddressAndSendAsync(String hostNameOrAddress, Int32 timeout, Byte[] buffer, PingOptions options)
   at WarehouseManagementSystem.Services.ApiTaskProcessorService.CheckNetworkConnectionAsync(String hostNameOrAddress) in E:\插件集成\WarehouseManagementSystem\Services\ApiTaskProcessorService.cs:line 156
2025-08-27 11:37:02.359 +08:00 [INF] 设备 192.168.200.121 的网络连接状态: 离线
2025-08-27 11:37:02.362 +08:00 [INF] 当前活跃IO设备: 1个
2025-08-27 11:37:04.100 +08:00 [WRN] Failed to determine the https port for redirect.
2025-08-27 11:37:04.537 +08:00 [WRN] Unable to configure Browser Link script injection on the response. This may have been caused by the response's Content-Encoding: '["br"]'. Consider disabling response compression.
2025-08-27 11:37:11.774 +08:00 [WRN] 检查主机 api.example.com 的网络连接时出错
System.Net.NetworkInformation.PingException: An exception occurred during a Ping request.
 ---> System.Net.Sockets.SocketException (11001): 不知道这样的主机。
   at System.Net.NameResolutionPal.ProcessResult(SocketError errorCode, GetAddrInfoExContext* context)
   at System.Net.NameResolutionPal.GetAddressInfoExCallback(Int32 error, Int32 bytes, NativeOverlapped* overlapped)
--- End of stack trace from previous location ---
   at System.Net.Dns.<GetAddrInfoWithTelemetryAsync>g__CompleteAsync|34_0[T](Task task, String hostName, ValueStopwatch stopwatch)
   at System.Net.NetworkInformation.Ping.GetAddressAndSendAsync(String hostNameOrAddress, Int32 timeout, Byte[] buffer, PingOptions options)
   --- End of inner exception stack trace ---
   at System.Net.NetworkInformation.Ping.GetAddressAndSendAsync(String hostNameOrAddress, Int32 timeout, Byte[] buffer, PingOptions options)
   at WarehouseManagementSystem.Services.ApiTaskProcessorService.CheckNetworkConnectionAsync(String hostNameOrAddress) in E:\插件集成\WarehouseManagementSystem\Services\ApiTaskProcessorService.cs:line 156
2025-08-27 11:37:12.085 +08:00 [WRN] Unable to configure Browser Link script injection on the response. This may have been caused by the response's Content-Encoding: '["br"]'. Consider disabling response compression.
2025-08-27 11:37:12.802 +08:00 [WRN] Unable to configure Browser Link script injection on the response. This may have been caused by the response's Content-Encoding: '["br"]'. Consider disabling response compression.
2025-08-27 11:37:13.765 +08:00 [WRN] Unable to configure Browser Link script injection on the response. This may have been caused by the response's Content-Encoding: '["br"]'. Consider disabling response compression.
2025-08-27 11:37:14.378 +08:00 [WRN] Unable to configure Browser Link script injection on the response. This may have been caused by the response's Content-Encoding: '["br"]'. Consider disabling response compression.
2025-08-27 11:37:15.129 +08:00 [WRN] Unable to configure Browser Link script injection on the response. This may have been caused by the response's Content-Encoding: '["br"]'. Consider disabling response compression.
2025-08-27 11:37:15.492 +08:00 [WRN] Unable to configure Browser Link script injection on the response. This may have been caused by the response's Content-Encoding: '["br"]'. Consider disabling response compression.
2025-08-27 11:37:15.826 +08:00 [WRN] Unable to configure Browser Link script injection on the response. This may have been caused by the response's Content-Encoding: '["br"]'. Consider disabling response compression.
2025-08-27 11:37:16.180 +08:00 [WRN] Unable to configure Browser Link script injection on the response. This may have been caused by the response's Content-Encoding: '["br"]'. Consider disabling response compression.
2025-08-27 11:37:16.468 +08:00 [INF] 正在刷新PLC设备配置...
2025-08-27 11:37:17.040 +08:00 [WRN] Unable to configure Browser Link script injection on the response. This may have been caused by the response's Content-Encoding: '["br"]'. Consider disabling response compression.
2025-08-27 11:37:21.415 +08:00 [WRN] Unable to configure Browser Link script injection on the response. This may have been caused by the response's Content-Encoding: '["br"]'. Consider disabling response compression.
2025-08-27 11:37:21.812 +08:00 [WRN] 检查主机 api.example.com 的网络连接时出错
System.Net.NetworkInformation.PingException: An exception occurred during a Ping request.
 ---> System.Net.Sockets.SocketException (11001): 不知道这样的主机。
   at System.Net.NameResolutionPal.ProcessResult(SocketError errorCode, GetAddrInfoExContext* context)
   at System.Net.NameResolutionPal.GetAddressInfoExCallback(Int32 error, Int32 bytes, NativeOverlapped* overlapped)
--- End of stack trace from previous location ---
   at System.Net.Dns.<GetAddrInfoWithTelemetryAsync>g__CompleteAsync|34_0[T](Task task, String hostName, ValueStopwatch stopwatch)
   at System.Net.NetworkInformation.Ping.GetAddressAndSendAsync(String hostNameOrAddress, Int32 timeout, Byte[] buffer, PingOptions options)
   --- End of inner exception stack trace ---
   at System.Net.NetworkInformation.Ping.GetAddressAndSendAsync(String hostNameOrAddress, Int32 timeout, Byte[] buffer, PingOptions options)
   at WarehouseManagementSystem.Services.ApiTaskProcessorService.CheckNetworkConnectionAsync(String hostNameOrAddress) in E:\插件集成\WarehouseManagementSystem\Services\ApiTaskProcessorService.cs:line 156
2025-08-27 11:37:31.483 +08:00 [INF] 正在刷新PLC设备配置...
2025-08-27 11:37:31.850 +08:00 [WRN] 检查主机 api.example.com 的网络连接时出错
System.Net.NetworkInformation.PingException: An exception occurred during a Ping request.
 ---> System.Net.Sockets.SocketException (11001): 不知道这样的主机。
   at System.Net.NameResolutionPal.ProcessResult(SocketError errorCode, GetAddrInfoExContext* context)
   at System.Net.NameResolutionPal.GetAddressInfoExCallback(Int32 error, Int32 bytes, NativeOverlapped* overlapped)
--- End of stack trace from previous location ---
   at System.Net.Dns.<GetAddrInfoWithTelemetryAsync>g__CompleteAsync|34_0[T](Task task, String hostName, ValueStopwatch stopwatch)
   at System.Net.NetworkInformation.Ping.GetAddressAndSendAsync(String hostNameOrAddress, Int32 timeout, Byte[] buffer, PingOptions options)
   --- End of inner exception stack trace ---
   at System.Net.NetworkInformation.Ping.GetAddressAndSendAsync(String hostNameOrAddress, Int32 timeout, Byte[] buffer, PingOptions options)
   at WarehouseManagementSystem.Services.ApiTaskProcessorService.CheckNetworkConnectionAsync(String hostNameOrAddress) in E:\插件集成\WarehouseManagementSystem\Services\ApiTaskProcessorService.cs:line 156
