2026-01-08 09:28:18.794 +08:00 [INF] IO处理服务已启动
2026-01-08 09:28:18.837 +08:00 [INF] 网络连接监控任务已启动
2026-01-08 09:28:18.839 +08:00 [INF] 开始清理过期IO任务数据...
2026-01-08 09:28:19.583 +08:00 [WRN] Failed to determine the https port for redirect.
2026-01-08 09:28:19.929 +08:00 [DBG] IO任务清理完成，没有需要清理的记录
2026-01-08 09:28:19.975 +08:00 [INF] 发现新的IO设备: 192.168.200.121
2026-01-08 09:28:20.841 +08:00 [INF] 设备 192.168.200.121 的网络连接状态: 离线
2026-01-08 09:28:20.841 +08:00 [INF] 当前活跃IO设备: 1个
2026-01-08 09:33:24.161 +08:00 [WRN] Target location RPM_10A is already in an active task
2026-01-08 09:33:24.162 +08:00 [WRN] Target location RPM_10A is already in an active task
2026-01-08 09:33:24.163 +08:00 [WRN] Target location RPM_10A is already in an active task
2026-01-08 09:56:44.712 +08:00 [WRN] Target location RPM_10A is already in an active task
2026-01-08 09:56:44.714 +08:00 [WRN] Target location RPM_10A is already in an active task
2026-01-08 10:26:15.661 +08:00 [INF] IO处理服务已停止
2026-01-08 10:26:15.662 +08:00 [INF] 网络连接监控任务已停止
2026-01-08 13:22:03.621 +08:00 [INF] IO处理服务已启动
2026-01-08 13:22:03.659 +08:00 [INF] 网络连接监控任务已启动
2026-01-08 13:22:03.661 +08:00 [INF] 开始清理过期IO任务数据...
2026-01-08 13:22:04.443 +08:00 [WRN] Failed to determine the https port for redirect.
2026-01-08 13:22:04.779 +08:00 [DBG] IO任务清理完成，没有需要清理的记录
2026-01-08 13:22:04.824 +08:00 [INF] 发现新的IO设备: 192.168.200.121
2026-01-08 13:22:05.341 +08:00 [INF] 设备 192.168.200.121 的网络连接状态: 离线
2026-01-08 13:22:05.341 +08:00 [INF] 当前活跃IO设备: 1个
2026-01-08 13:25:42.690 +08:00 [INF] 任务 148005 已成功取消
2026-01-08 13:47:00.894 +08:00 [INF] IO处理服务已停止
2026-01-08 13:47:00.895 +08:00 [INF] 网络连接监控任务已停止
